KLEE: output directory is "/home/shafi/harden/eval3_demo/stase3/out/eval2_linux/path_a/kbmi_net_line71/klee"
KLEE: Using Z3 solver backend
KLEE: Deterministic allocator: Using quarantine queue size 8
KLEE: Deterministic allocator: globals (start-address=0x77dadde00000 size=10 GiB)
KLEE: Deterministic allocator: constants (start-address=0x77d85de00000 size=10 GiB)
KLEE: Deterministic allocator: heap (start-address=0x76d85de00000 size=1024 GiB)
KLEE: Deterministic allocator: stack (start-address=0x76b85de00000 size=128 GiB)
KLEE: WARNING: undefined reference to function: memchr
KLEE: WARNING: undefined reference to function: mmap
KLEE: WARNING: undefined reference to function: mprotect
KLEE: WARNING: undefined reference to function: munmap
KLEE: WARNING: undefined reference to function: sysconf
KLEE: WARNING ONCE: calling external: memchr(131789962084352, 0, 1024) at out/eval2_linux/harnesses/harness_kbmi_net_line71.c:65 11
KLEE: WARNING ONCE: calling external: sysconf(30) at out/eval2_linux/harnesses/harness_kbmi_net_line71.c:86 10
KLEE: WARNING ONCE: calling external: mmap(0, 4096, 3, 34, 4294967295, 0) at out/eval2_linux/harnesses/harness_kbmi_net_line71.c:89 11
KLEE: ERROR: runtime/Freestanding/memcpy.c:17: memory error: out of bound pointer
KLEE: NOTE: now ignoring this error at this location

KLEE: done: total instructions = 39124
KLEE: done: completed paths = 0
KLEE: done: partially completed paths = 1
KLEE: done: generated tests = 1
