=================================================================
==716806==ERROR: AddressSanitizer: heap-buffer-overflow on address 0x502000000030 at pc 0x626f05c1f8f9 bp 0x7ffd22470490 sp 0x7ffd22470480
READ of size 1 at 0x502000000030 thread T0
    #0 0x626f05c1f8f8 in kbmi_pre_routing_hook /home/shafi/harden/eval3_demo/stase3/kbmi_net.c:71
    #1 0x626f05c1fbb4 in main /home/shafi/harden/eval3_demo/stase3/kbmi_net.c:105
    #2 0x756569a2a1c9 in __libc_start_call_main ../sysdeps/nptl/libc_start_call_main.h:58
    #3 0x756569a2a28a in __libc_start_main_impl ../csu/libc-start.c:360
    #4 0x626f05c1f364 in _start (/home/shafi/harden/eval3_demo/stase3/out/eval2_linux/path_a/kbmi_net_line71/harness+0x2364) (BuildId: f5962f92159a3a86ef673b3923730b4bf1094345)

0x502000000030 is located 16 bytes after 16-byte region [0x502000000010,0x502000000020)
allocated by thread T0 here:
    #0 0x75656a6fd9c7 in malloc ../../../../src/libsanitizer/asan/asan_malloc_linux.cpp:69
    #1 0x626f05c1f7ce in kbmi_pre_routing_hook /home/shafi/harden/eval3_demo/stase3/out/eval2_linux/harnesses/harness_kbmi_net_line71.c:105
    #2 0x626f05c1fbb4 in main /home/shafi/harden/eval3_demo/stase3/kbmi_net.c:105
    #3 0x756569a2a1c9 in __libc_start_call_main ../sysdeps/nptl/libc_start_call_main.h:58
    #4 0x756569a2a28a in __libc_start_main_impl ../csu/libc-start.c:360
    #5 0x626f05c1f364 in _start (/home/shafi/harden/eval3_demo/stase3/out/eval2_linux/path_a/kbmi_net_line71/harness+0x2364) (BuildId: f5962f92159a3a86ef673b3923730b4bf1094345)

SUMMARY: AddressSanitizer: heap-buffer-overflow /home/shafi/harden/eval3_demo/stase3/kbmi_net.c:71 in kbmi_pre_routing_hook
Shadow bytes around the buggy address:
  0x501ffffffd80: 00 00 00 00 00 00 00 00 00 00 00 00 00 00 00 00
  0x501ffffffe00: 00 00 00 00 00 00 00 00 00 00 00 00 00 00 00 00
  0x501ffffffe80: 00 00 00 00 00 00 00 00 00 00 00 00 00 00 00 00
  0x501fffffff00: 00 00 00 00 00 00 00 00 00 00 00 00 00 00 00 00
  0x501fffffff80: 00 00 00 00 00 00 00 00 00 00 00 00 00 00 00 00
=>0x502000000000: fa fa 00 00 fa fa[fa]fa fa fa fa fa fa fa fa fa
  0x502000000080: fa fa fa fa fa fa fa fa fa fa fa fa fa fa fa fa
  0x502000000100: fa fa fa fa fa fa fa fa fa fa fa fa fa fa fa fa
  0x502000000180: fa fa fa fa fa fa fa fa fa fa fa fa fa fa fa fa
  0x502000000200: fa fa fa fa fa fa fa fa fa fa fa fa fa fa fa fa
  0x502000000280: fa fa fa fa fa fa fa fa fa fa fa fa fa fa fa fa
Shadow byte legend (one shadow byte represents 8 application bytes):
  Addressable:           00
  Partially addressable: 01 02 03 04 05 06 07 
  Heap left redzone:       fa
  Freed heap region:       fd
  Stack left redzone:      f1
  Stack mid redzone:       f2
  Stack right redzone:     f3
  Stack after return:      f5
  Stack use after scope:   f8
  Global redzone:          f9
  Global init order:       f6
  Poisoned by user:        f7
  Container overflow:      fc
  Array cookie:            ac
  Intra object redzone:    bb
  ASan internal:           fe
  Left alloca redzone:     ca
  Right alloca redzone:    cb
==716806==ABORTING
