[2026-05-14 09:39:07] This is codeql database create codeql_db --language=cpp --overwrite --build-mode=none --source-root=src
[2026-05-14 09:39:07] Log file was started late.
[2026-05-14 09:39:07] [PROGRESS] database create> Initializing database at /home/shafi/harden/eval3_demo/stase3/out/eval2_linux/codeql_db.
[2026-05-14 09:39:07] Running plumbing command: codeql database init --overwrite --language=cpp --extractor-options-verbosity=1 --qlconfig-file=/home/shafi/harden/eval3_demo/stase3/out/eval2_linux/qlconfig.yml --build-mode=none --source-root=/home/shafi/harden/eval3_demo/stase3/out/eval2_linux/src --allow-missing-source-root=false --allow-already-existing -- /home/shafi/harden/eval3_demo/stase3/out/eval2_linux/codeql_db
[2026-05-14 09:39:07] Calling plumbing command: codeql resolve languages --extractor-options-verbosity=1 --format=betterjson
[2026-05-14 09:39:07] [DETAILS] resolve languages> Scanning for [codeql-extractor.yml] from /home/shafi/codeql-cli/codeql/.codeqlmanifest.json
[2026-05-14 09:39:07] [DETAILS] resolve languages> Parsing /home/shafi/codeql-cli/codeql/rust/codeql-extractor.yml.
[2026-05-14 09:39:07] [DETAILS] resolve languages> Parsing /home/shafi/codeql-cli/codeql/csharp/codeql-extractor.yml.
[2026-05-14 09:39:07] [DETAILS] resolve languages> Parsing /home/shafi/codeql-cli/codeql/yaml/codeql-extractor.yml.
[2026-05-14 09:39:07] [DETAILS] resolve languages> Parsing /home/shafi/codeql-cli/codeql/javascript/codeql-extractor.yml.
[2026-05-14 09:39:07] [DETAILS] resolve languages> Parsing /home/shafi/codeql-cli/codeql/csv/codeql-extractor.yml.
[2026-05-14 09:39:07] [DETAILS] resolve languages> Parsing /home/shafi/codeql-cli/codeql/cpp/codeql-extractor.yml.
[2026-05-14 09:39:07] [DETAILS] resolve languages> Parsing /home/shafi/codeql-cli/codeql/actions/codeql-extractor.yml.
[2026-05-14 09:39:07] [DETAILS] resolve languages> Parsing /home/shafi/codeql-cli/codeql/ruby/codeql-extractor.yml.
[2026-05-14 09:39:07] [DETAILS] resolve languages> Parsing /home/shafi/codeql-cli/codeql/go/codeql-extractor.yml.
[2026-05-14 09:39:07] [DETAILS] resolve languages> Parsing /home/shafi/codeql-cli/codeql/python/codeql-extractor.yml.
[2026-05-14 09:39:07] [DETAILS] resolve languages> Parsing /home/shafi/codeql-cli/codeql/xml/codeql-extractor.yml.
[2026-05-14 09:39:07] [DETAILS] resolve languages> Parsing /home/shafi/codeql-cli/codeql/swift/codeql-extractor.yml.
[2026-05-14 09:39:07] [DETAILS] resolve languages> Parsing /home/shafi/codeql-cli/codeql/java/codeql-extractor.yml.
[2026-05-14 09:39:07] [DETAILS] resolve languages> Parsing /home/shafi/codeql-cli/codeql/html/codeql-extractor.yml.
[2026-05-14 09:39:07] [DETAILS] resolve languages> Parsing /home/shafi/codeql-cli/codeql/properties/codeql-extractor.yml.
[2026-05-14 09:39:07] Plumbing command codeql resolve languages completed:
                      {
                        "aliases" : {
                          "c" : "cpp",
                          "c++" : "cpp",
                          "c-c++" : "cpp",
                          "c-cpp" : "cpp",
                          "c#" : "csharp",
                          "java-kotlin" : "java",
                          "kotlin" : "java",
                          "javascript-typescript" : "javascript",
                          "typescript" : "javascript"
                        },
                        "extractors" : {
                          "rust" : [
                            {
                              "extractor_root" : "/home/shafi/codeql-cli/codeql/rust",
                              "extractor_options" : {
                                "trap" : {
                                  "title" : "Options pertaining to TRAP.",
                                  "description" : "Options pertaining to TRAP.",
                                  "type" : "object",
                                  "properties" : {
                                    "compression" : {
                                      "title" : "Controls compression for the TRAP files written by the extractor.",
                                      "description" : "This option is only intended for use in debugging the extractor. Accepted values are 'gzip' (to write gzip-compressed TRAP) 'zstd' (to write Zstandard-compressed TRAP) and 'none' (the default, to write uncompressed TRAP).\n",
                                      "type" : "string",
                                      "pattern" : "^(none|gzip|zstd)$"
                                    }
                                  }
                                },
                                "cargo_target_dir" : {
                                  "title" : "Directory to use for cargo output files.",
                                  "description" : "This value is an optional path to use as `CARGO_TARGET_DIR` for the internal cargo commands the extractor uses. Pointing it to a persistent directory may reduce execution time of consecutive extractor runs. By default, a new scratch directory is used for each run.\n",
                                  "type" : "string"
                                },
                                "cargo_target" : {
                                  "title" : "Target architecture",
                                  "description" : "Target architecture to use for analysis, analogous to `cargo --target`. By default the host architecture is used.\n",
                                  "type" : "string"
                                },
                                "cargo_features" : {
                                  "title" : "Cargo features to turn on",
                                  "description" : "Comma-separated list of features to turn on. By default all features are enabled. If any features are specified, then only those features are enabled. The `default` feature must be explicitly specified if only default features are desired. Can be repeated.\n",
                                  "type" : "array"
                                },
                                "cargo_cfg_overrides" : {
                                  "title" : "Cargo cfg overrides",
                                  "description" : "Comma-separated list of cfg settings to enable, or disable if prefixed with `-`. Can be repeated.\n",
                                  "type" : "array"
                                },
                                "logging" : {
                                  "title" : "Options pertaining to logging.",
                                  "description" : "Options pertaining to logging.",
                                  "type" : "object",
                                  "properties" : {
                                    "verbosity" : {
                                      "title" : "Extractor logging verbosity level.",
                                      "description" : "Controls the level of verbosity of the extractor. The supported levels are (in order of increasing verbosity):\n  - off\n  - errors\n  - warnings\n  - info or progress\n  - debug or progress+\n  - trace or progress++\n  - progress+++\n",
                                      "type" : "string",
                                      "pattern" : "^(off|errors|warnings|(info|progress)|(debug|progress\\+)|(trace|progress\\+\\+)|progress\\+\\+\\+)$"
                                    },
                                    "flamegraph" : {
                                      "title" : "[Experimental] File path for write flame graph log",
                                      "description" : "Collect flame graph data using the `tracing-flame` crate. To render a flame graph or chart, run the `inferno-flamegraph` command. See also: https://crates.io/crates/tracing-flame\n",
                                      "type" : "string"
                                    }
                                  }
                                },
                                "skip_path_resolution" : {
                                  "title" : "Skip path resolution",
                                  "description" : "Skip path resolution. This is experimental, while we move path resolution from the extractor to the QL library.\n",
                                  "type" : "string",
                                  "pattern" : "^(false|true)$"
                                },
                                "extract_dependencies_as_source" : {
                                  "title" : "Extract dependencies as source code",
                                  "description" : "Extract the full source code of dependencies instead of only extracting signatures.\n",
                                  "type" : "string",
                                  "pattern" : "^(false|true)$"
                                }
                              }
                            }
                          ],
                          "csharp" : [
                            {
                              "extractor_root" : "/home/shafi/codeql-cli/codeql/csharp",
                              "extractor_options" : {
                                "trap" : {
                                  "title" : "Options pertaining to TRAP.",
                                  "description" : "Options pertaining to TRAP.",
                                  "type" : "object",
                                  "properties" : {
                                    "compression" : {
                                      "title" : "Controls compression for the TRAP files written by the extractor.",
                                      "description" : "This option is only intended for use in debugging the extractor. Accepted values are 'brotli' (the default, to write brotli-compressed TRAP), 'gzip', and 'none' (to write uncompressed TRAP).\n",
                                      "type" : "string",
                                      "pattern" : "^(none|gzip|brotli)$"
                                    }
                                  }
                                },
                                "buildless" : {
                                  "title" : "DEPRECATED - Whether to use buildless (standalone) extraction.",
                                  "description" : "DEPRECATED: Use `--build-mode none` instead.\nA value indicating, which type of extraction the autobuilder should perform. If 'true', then the standalone extractor will be used, otherwise tracing extraction will be performed. The default is 'false'. Note that buildless extraction will generally yield less accurate analysis results, and should only be used in cases where it is not possible to build the code (for example if it uses inaccessible dependencies).\n",
                                  "type" : "string",
                                  "pattern" : "^(false|true)$"
                                },
                                "logging" : {
                                  "title" : "Options pertaining to logging.",
                                  "description" : "Options pertaining to logging.",
                                  "type" : "object",
                                  "properties" : {
                                    "verbosity" : {
                                      "title" : "Extractor logging verbosity level.",
                                      "description" : "Controls the level of verbosity of the extractor. The supported levels are (in order of increasing verbosity):\n  - off\n  - errors\n  - warnings\n  - info or progress\n  - debug or progress+\n  - trace or progress++\n  - progress+++\n",
                                      "type" : "string",
                                      "pattern" : "^(off|errors|warnings|(info|progress)|(debug|progress\\+)|(trace|progress\\+\\+)|progress\\+\\+\\+)$"
                                    }
                                  }
                                },
                                "binlog" : {
                                  "title" : "Binlog",
                                  "description" : "[EXPERIMENTAL] The value is a path to the MsBuild binary log file that should be extracted. This option only works when `--build-mode none` is also specified.\n",
                                  "type" : "array"
                                }
                              }
                            }
                          ],
                          "yaml" : [
                            {
                              "extractor_root" : "/home/shafi/codeql-cli/codeql/yaml"
                            }
                          ],
                          "javascript" : [
                            {
                              "extractor_root" : "/home/shafi/codeql-cli/codeql/javascript",
                              "extractor_options" : {
                                "skip_types" : {
                                  "title" : "Skip type extraction for TypeScript",
                                  "description" : "Whether to skip the extraction of types in a TypeScript application",
                                  "type" : "string",
                                  "pattern" : "^(false|true)$"
                                }
                              }
                            }
                          ],
                          "csv" : [
                            {
                              "extractor_root" : "/home/shafi/codeql-cli/codeql/csv"
                            }
                          ],
                          "cpp" : [
                            {
                              "extractor_root" : "/home/shafi/codeql-cli/codeql/cpp",
                              "extractor_options" : {
                                "scale_timeouts" : {
                                  "title" : "Value to scale compiler introspection timeouts with",
                                  "description" : "The extractor attempts to determine what compiler the source code being extracted is compiled with. To this end the extractor makes additional calls to the compiler, some of which are expected to return within a certain fixed time (either 10s or 15s). On some systems that are under high load this time might be too short, and can be scaled up using this option.\n",
                                  "type" : "string",
                                  "pattern" : "[0-9]+"
                                },
                                "log_verbosity" : {
                                  "title" : "Verbosity of the extractor logging",
                                  "description" : "Set the verbosity of the extractor logging to 'quiet' (0), 'normal' (1), 'chatty' (2), or 'noisy' (3). The default is 'normal'.\n",
                                  "type" : "string",
                                  "pattern" : "[0-3]"
                                }
                              }
                            }
                          ],
                          "actions" : [
                            {
                              "extractor_root" : "/home/shafi/codeql-cli/codeql/actions",
                              "extractor_options" : { }
                            }
                          ],
                          "ruby" : [
                            {
                              "extractor_root" : "/home/shafi/codeql-cli/codeql/ruby",
                              "extractor_options" : {
                                "trap" : {
                                  "title" : "Options pertaining to TRAP.",
                                  "description" : "Options pertaining to TRAP.",
                                  "type" : "object",
                                  "properties" : {
                                    "compression" : {
                                      "title" : "Controls compression for the TRAP files written by the extractor.",
                                      "description" : "This option is only intended for use in debugging the extractor. Accepted values are 'gzip' (the default, to write gzip-compressed TRAP) 'zstd' (to write Zstandard-compressed TRAP) and 'none' (to write uncompressed TRAP).\n",
                                      "type" : "string",
                                      "pattern" : "^(none|gzip|zstd)$"
                                    }
                                  }
                                }
                              }
                            }
                          ],
                          "go" : [
                            {
                              "extractor_root" : "/home/shafi/codeql-cli/codeql/go",
                              "extractor_options" : {
                                "extract_tests" : {
                                  "title" : "Whether to include Go test files in the CodeQL database.",
                                  "description" : "A value indicating whether Go test files should be included in the CodeQL database. The default is 'false'.\n",
                                  "type" : "string",
                                  "pattern" : "^(false|true)$"
                                },
                                "extract_vendor_dirs" : {
                                  "title" : "Whether to include Go vendor directories in the CodeQL database.",
                                  "description" : "A value indicating whether Go vendor directories should be included in the CodeQL database. The default is 'false'.\n",
                                  "type" : "string",
                                  "pattern" : "^(false|true)$"
                                }
                              }
                            }
                          ],
                          "python" : [
                            {
                              "extractor_root" : "/home/shafi/codeql-cli/codeql/python",
                              "extractor_options" : {
                                "logging" : {
                                  "title" : "Options pertaining to logging.",
                                  "description" : "Options pertaining to logging.",
                                  "type" : "object",
                                  "properties" : {
                                    "verbosity" : {
                                      "title" : "Python extractor logging verbosity level.",
                                      "description" : "Controls the level of verbosity of the CodeQL Python extractor.\nThe supported levels are (in order of increasing verbosity):\n\n  - off\n  - errors\n  - warnings\n  - info or progress\n  - debug or progress+\n  - trace or progress++\n  - progress+++\n",
                                      "type" : "string",
                                      "pattern" : "^(off|errors|warnings|(info|progress)|(debug|progress\\+)|(trace|progress\\+\\+)|progress\\+\\+\\+)$"
                                    }
                                  }
                                },
                                "python_executable_name" : {
                                  "title" : "Controls the name of the Python executable used by the Python extractor.",
                                  "description" : "The Python extractor uses platform-dependent heuristics to determine the name of the Python executable to use. Specifying a value for this option overrides the name of the Python executable used by the extractor. Accepted values are py, python and python3. Use this setting with caution, the Python extractor requires Python 3 to run.\n",
                                  "type" : "string",
                                  "pattern" : "^(py|python|python3)$"
                                }
                              }
                            }
                          ],
                          "xml" : [
                            {
                              "extractor_root" : "/home/shafi/codeql-cli/codeql/xml"
                            }
                          ],
                          "swift" : [
                            {
                              "extractor_root" : "/home/shafi/codeql-cli/codeql/swift"
                            }
                          ],
                          "java" : [
                            {
                              "extractor_root" : "/home/shafi/codeql-cli/codeql/java",
                              "extractor_options" : {
                                "exclude" : {
                                  "title" : "A glob excluding files from analysis.",
                                  "description" : "A glob indicating what files to exclude from the analysis. This accepts glob patterns that are supported by Java's 'getPathMatcher' implementation.\n",
                                  "type" : "string"
                                },
                                "add_prefer_source" : {
                                  "title" : "Whether to always prefer source files over class files.",
                                  "description" : "A value indicating whether source files should be preferred over class files. If set to 'true', the extraction adds '-Xprefer:source' to the javac command line. If set to 'false', the extraction uses the default javac behavior ('-Xprefer:newer'). The default is 'true'.\n",
                                  "type" : "string",
                                  "pattern" : "^(false|true)$"
                                },
                                "buildless" : {
                                  "title" : "Whether to use buildless (standalone) extraction (experimental).",
                                  "description" : "A value indicating, which type of extraction the autobuilder should perform. If 'true', then the standalone extractor will be used, otherwise tracing extraction will be performed. The default is 'false'. Note that buildless extraction will generally yield less accurate analysis results, and should only be used in cases where it is not possible to build the code (for example if it uses inaccessible dependencies).\n",
                                  "type" : "string",
                                  "pattern" : "^(false|true)$"
                                },
                                "buildless_dependency_dir" : {
                                  "title" : "The path where buildless (standalone) extraction should keep dependencies.",
                                  "description" : "If set, the buildless (standalone) extractor will store dependencies in this directory.\n",
                                  "type" : "string"
                                },
                                "minimize_dependency_jars" : {
                                  "title" : "Whether to rewrite and minimize downloaded JAR dependencies (experimental).",
                                  "description" : "If 'true', JAR dependencies downloaded during extraction will be rewritten to remove unneeded data, such as method bodies. The default is 'false'.\n",
                                  "type" : "string",
                                  "pattern" : "^(false|true)$"
                                }
                              }
                            }
                          ],
                          "html" : [
                            {
                              "extractor_root" : "/home/shafi/codeql-cli/codeql/html"
                            }
                          ],
                          "properties" : [
                            {
                              "extractor_root" : "/home/shafi/codeql-cli/codeql/properties"
                            }
                          ]
                        }
                      }
[2026-05-14 09:39:07] [PROGRESS] database init> Calculating baseline information in /home/shafi/harden/eval3_demo/stase3/out/eval2_linux/src
[2026-05-14 09:39:07] [SPAMMY] database init> Ignoring the following directories when processing baseline information: .git, .hg, .svn.
[2026-05-14 09:39:07] [DETAILS] database init> Running command in /home/shafi/harden/eval3_demo/stase3/out/eval2_linux/src: /home/shafi/codeql-cli/codeql/tools/linux64/scc --by-file --exclude-dir .git,.hg,.svn --format json --no-large --no-min .
[2026-05-14 09:39:07] [SPAMMY] database init> Found 6 baseline files for cpp.
[2026-05-14 09:39:07] [PROGRESS] database init> Calculated baseline information for languages: cpp (23ms).
[2026-05-14 09:39:07] [PROGRESS] database init> Resolving extractor cpp.
[2026-05-14 09:39:07] [DETAILS] database init> Found candidate extractor root for cpp: /home/shafi/codeql-cli/codeql/cpp.
[2026-05-14 09:39:07] [PROGRESS] database init> Successfully loaded extractor C/C++ (cpp) from /home/shafi/codeql-cli/codeql/cpp.
[2026-05-14 09:39:07] [PROGRESS] database init> Created skeleton CodeQL database at /home/shafi/harden/eval3_demo/stase3/out/eval2_linux/codeql_db. This in-progress database is ready to be populated by an extractor.
[2026-05-14 09:39:07] Plumbing command codeql database init completed.
[2026-05-14 09:39:07] [PROGRESS] database create> Running build command: []
[2026-05-14 09:39:07] Running plumbing command: codeql database trace-command --working-dir=/home/shafi/harden/eval3_demo/stase3/out/eval2_linux/src --index-traceless-dbs --no-db-cluster -- /home/shafi/harden/eval3_demo/stase3/out/eval2_linux/codeql_db
[2026-05-14 09:39:07] Using autobuild script /home/shafi/codeql-cli/codeql/cpp/tools/autobuild.sh.
[2026-05-14 09:39:07] [PROGRESS] database trace-command> Running command in /home/shafi/harden/eval3_demo/stase3/out/eval2_linux/src: [/home/shafi/codeql-cli/codeql/cpp/tools/autobuild.sh]
[2026-05-14 09:39:08] [build-stdout] Generating compilation commands...
[2026-05-14 09:39:08] [build-stdout] Indexing folder /home/shafi/harden/eval3_demo/stase3/out/eval2_linux/src, found 6 source files, 0 header files, 18 total files.
[2026-05-14 09:39:08] [build-stdout] Scanning system directories
[2026-05-14 09:39:08] [build-stdout] Indexing folder /usr/include, found 0 source files, 23310 header files, 24290 total files.
[2026-05-14 09:39:08] [build-stdout] Written /home/shafi/harden/eval3_demo/stase3/out/eval2_linux/codeql_db/log/compile_commands.json
[2026-05-14 09:39:08] [build-stdout] Extracting compile commands
[2026-05-14 09:39:08] [build-stdout] Running 6 commands in 32 threads
[2026-05-14 09:39:08] [build-stdout] Ran 6 commands [s=0,p=6,f=0]
[2026-05-14 09:39:08] [build-stderr] cpp/autobuilder: C/C++ was extracted with build-mode set to 'none'.
[2026-05-14 09:39:08] [build-stderr] cpp/autobuilder: autobuild summary.
[2026-05-14 09:39:08] Plumbing command codeql database trace-command completed.
[2026-05-14 09:39:08] [PROGRESS] database create> Finalizing database at /home/shafi/harden/eval3_demo/stase3/out/eval2_linux/codeql_db.
[2026-05-14 09:39:08] Running plumbing command: codeql database finalize --no-db-cluster -- /home/shafi/harden/eval3_demo/stase3/out/eval2_linux/codeql_db
[2026-05-14 09:39:08] Using pre-finalize script /home/shafi/codeql-cli/codeql/cpp/tools/pre-finalize.sh.
[2026-05-14 09:39:08] [PROGRESS] database finalize> Running pre-finalize script /home/shafi/codeql-cli/codeql/cpp/tools/pre-finalize.sh in /home/shafi/harden/eval3_demo/stase3/out/eval2_linux/src.
[2026-05-14 09:39:08] Running plumbing command: codeql database trace-command --working-dir=/home/shafi/harden/eval3_demo/stase3/out/eval2_linux/src --no-tracing -- /home/shafi/harden/eval3_demo/stase3/out/eval2_linux/codeql_db /home/shafi/codeql-cli/codeql/cpp/tools/pre-finalize.sh
[2026-05-14 09:39:08] [PROGRESS] database trace-command> Running command in /home/shafi/harden/eval3_demo/stase3/out/eval2_linux/src: [/home/shafi/codeql-cli/codeql/cpp/tools/pre-finalize.sh]
[2026-05-14 09:39:08] Plumbing command codeql database trace-command completed.
[2026-05-14 09:39:08] [PROGRESS] database finalize> Running TRAP import for CodeQL database at /home/shafi/harden/eval3_demo/stase3/out/eval2_linux/codeql_db...
[2026-05-14 09:39:08] Running plumbing command: codeql dataset import --dbscheme=/home/shafi/codeql-cli/codeql/cpp/semmlecode.cpp.dbscheme -- /home/shafi/harden/eval3_demo/stase3/out/eval2_linux/codeql_db/db-cpp /home/shafi/harden/eval3_demo/stase3/out/eval2_linux/codeql_db/trap/cpp
[2026-05-14 09:39:08] Clearing disk cache since the version file /home/shafi/harden/eval3_demo/stase3/out/eval2_linux/codeql_db/db-cpp/default/cache/version does not exist
[2026-05-14 09:39:08] Tuple pool not found. Clearing relations with cached strings
[2026-05-14 09:39:08] Trimming disk cache at /home/shafi/harden/eval3_demo/stase3/out/eval2_linux/codeql_db/db-cpp/default/cache in mode clear.
[2026-05-14 09:39:08] Sequence stamp origin is -5914098031417552606
[2026-05-14 09:39:08] Pausing evaluation to hard-clear memory at sequence stamp o+0
[2026-05-14 09:39:08] Unpausing evaluation
[2026-05-14 09:39:08] Pausing evaluation to quickly trim disk at sequence stamp o+1
[2026-05-14 09:39:08] Unpausing evaluation
[2026-05-14 09:39:08] Pausing evaluation to zealously trim disk at sequence stamp o+2
[2026-05-14 09:39:08] Unpausing evaluation
[2026-05-14 09:39:08] Trimming completed (2ms): Purged everything.
[2026-05-14 09:39:08] Scanning for files in /home/shafi/harden/eval3_demo/stase3/out/eval2_linux/codeql_db/trap/cpp
[2026-05-14 09:39:08] Found 13 files on disk containing 122 TRAP files (828.78 KiB)
[2026-05-14 09:39:08] [PROGRESS] dataset import> Importing TRAP files
[2026-05-14 09:39:08] Importing fscrypt.h.979d2ddb.trap (evt_notifier.c.a624303a_0.trap.tar.zst) (1 of 122)
[2026-05-14 09:39:08] Importing mount.h.96ece7af.trap (evt_notifier.c.a624303a_0.trap.tar.zst) (2 of 122)
[2026-05-14 09:39:08] Importing evt_notifier.c.a624303a.trap (evt_notifier.c.a624303a_0.trap.tar.zst) (3 of 122)
[2026-05-14 09:39:08] Importing libc-compat.h.fe082905.trap (kbmi_net.c.01444157_0.trap.tar.zst) (4 of 122)
[2026-05-14 09:39:08] Importing socket.h.3b399b85.trap (kbmi_net.c.01444157_0.trap.tar.zst) (5 of 122)
[2026-05-14 09:39:08] Importing swab.h.214ad58a.trap (kbmi_net.c.01444157_0.trap.tar.zst) (6 of 122)
[2026-05-14 09:39:08] Importing swab.h.a183508b.trap (kbmi_net.c.01444157_0.trap.tar.zst) (7 of 122)
[2026-05-14 09:39:08] Importing little_endian.h.97036be8.trap (kbmi_net.c.01444157_0.trap.tar.zst) (8 of 122)
[2026-05-14 09:39:08] Importing byteorder.h.c2bccd26.trap (kbmi_net.c.01444157_0.trap.tar.zst) (9 of 122)
[2026-05-14 09:39:08] Importing in.h.3b4a9e74.trap (kbmi_net.c.01444157_0.trap.tar.zst) (10 of 122)
[2026-05-14 09:39:08] Importing in6.h.34403f1f.trap (kbmi_net.c.01444157_0.trap.tar.zst) (11 of 122)
[2026-05-14 09:39:08] Importing netfilter.h.925edfae.trap (kbmi_net.c.01444157_0.trap.tar.zst) (12 of 122)
[2026-05-14 09:39:08] Importing libc-header-start.h.8c1791ee.trap (kbmi_net.c.01444157_0.trap.tar.zst) (13 of 122)
[2026-05-14 09:39:08] Importing pthread_stack_min.h.a286484a.trap (kbmi_net.c.01444157_0.trap.tar.zst) (14 of 122)
[2026-05-14 09:39:08] Importing pthread_stack_min-dynamic.h.f4cb99e8.trap (kbmi_net.c.01444157_0.trap.tar.zst) (15 of 122)
[2026-05-14 09:39:08] Importing local_lim.h.8271c73d.trap (kbmi_net.c.01444157_0.trap.tar.zst) (16 of 122)
[2026-05-14 09:39:08] Importing posix1_lim.h.fa5694ef.trap (kbmi_net.c.01444157_0.trap.tar.zst) (17 of 122)
[2026-05-14 09:39:08] Importing posix2_lim.h.7f1a80a4.trap (kbmi_net.c.01444157_0.trap.tar.zst) (18 of 122)
[2026-05-14 09:39:08] Importing limits.h.9c9d5f04.trap (kbmi_net.c.01444157_0.trap.tar.zst) (19 of 122)
[2026-05-14 09:39:08] Importing limits.h.c891a3af.trap (kbmi_net.c.01444157_0.trap.tar.zst) (20 of 122)
[2026-05-14 09:39:08] Importing netfilter_ipv4.h.723001dd.trap (kbmi_net.c.01444157_0.trap.tar.zst) (21 of 122)
[2026-05-14 09:39:08] Importing kbmi_net.c.01444157.trap (kbmi_net.c.01444157_0.trap.tar.zst) (22 of 122)
[2026-05-14 09:39:08] Importing wordsize.h.e476644e.trap (kbmp.c.f44d615c_0.trap.tar.zst) (23 of 122)
[2026-05-14 09:39:08] Importing timesize.h.5305c58e.trap (kbmp.c.f44d615c_0.trap.tar.zst) (24 of 122)
[2026-05-14 09:39:08] Importing features-time64.h.c59f376e.trap (kbmp.c.f44d615c_0.trap.tar.zst) (25 of 122)
[2026-05-14 09:39:08] Importing stdc-predef.h.f8af887e.trap (kbmp.c.f44d615c_0.trap.tar.zst) (26 of 122)
[2026-05-14 09:39:08] Importing long-double.h.a286484a.trap (kbmp.c.f44d615c_0.trap.tar.zst) (27 of 122)
[2026-05-14 09:39:08] Importing cdefs.h.b64ee144.trap (kbmp.c.f44d615c_0.trap.tar.zst) (28 of 122)
[2026-05-14 09:39:08] Importing stubs-64.h.191459d0.trap (kbmp.c.f44d615c_0.trap.tar.zst) (29 of 122)
[2026-05-14 09:39:08] Importing stubs.h.ac9a6493.trap (kbmp.c.f44d615c_0.trap.tar.zst) (30 of 122)
[2026-05-14 09:39:08] Importing features.h.87587123.trap (kbmp.c.f44d615c_0.trap.tar.zst) (31 of 122)
[2026-05-14 09:39:08] Importing libc-header-start.h.1885a50d.trap (kbmp.c.f44d615c_0.trap.tar.zst) (32 of 122)
[2026-05-14 09:39:08] Importing stddef.h.5a2d6de7.trap (kbmp.c.f44d615c_0.trap.tar.zst) (33 of 122)
[2026-05-14 09:39:08] Importing __locale_t.h.b1891d26.trap (kbmp.c.f44d615c_0.trap.tar.zst) (34 of 122)
[2026-05-14 09:39:08] Importing locale_t.h.5e5cd81d.trap (kbmp.c.f44d615c_0.trap.tar.zst) (35 of 122)
[2026-05-14 09:39:08] Importing stddef.h.be8c7146.trap (kbmp.c.f44d615c_0.trap.tar.zst) (36 of 122)
[2026-05-14 09:39:08] Importing strings.h.f27f9939.trap (kbmp.c.f44d615c_0.trap.tar.zst) (37 of 122)
[2026-05-14 09:39:08] Importing string.h.15c2e94c.trap (kbmp.c.f44d615c_0.trap.tar.zst) (38 of 122)
[2026-05-14 09:39:08] Importing string.h.c8f17d4f.trap (kbmp.c.f44d615c_0.trap.tar.zst) (39 of 122)
[2026-05-14 09:39:08] Importing kbmp.c.f44d615c.trap (kbmp.c.f44d615c_0.trap.tar.zst) (40 of 122)
[2026-05-14 09:39:08] Importing cpp_predefined.acb19af8.trap (rev_chardev.c.d6e7b578_0.trap.tar.zst) (41 of 122)
[2026-05-14 09:39:08] Importing module.h.121b6911.trap (rev_chardev.c.d6e7b578_0.trap.tar.zst) (42 of 122)
[2026-05-14 09:39:08] Importing bitsperlong.h.72dd324c.trap (rev_chardev.c.d6e7b578_0.trap.tar.zst) (43 of 122)
[2026-05-14 09:39:08] Importing bitsperlong.h.4b2128dc.trap (rev_chardev.c.d6e7b578_0.trap.tar.zst) (44 of 122)
[2026-05-14 09:39:08] Importing int-ll64.h.a1d7a27e.trap (rev_chardev.c.d6e7b578_0.trap.tar.zst) (45 of 122)
[2026-05-14 09:39:08] Importing types.h.23e2c221.trap (rev_chardev.c.d6e7b578_0.trap.tar.zst) (46 of 122)
[2026-05-14 09:39:08] Importing types.h.fe4fc2c6.trap (rev_chardev.c.d6e7b578_0.trap.tar.zst) (47 of 122)
[2026-05-14 09:39:08] Importing stddef.h.a91af5d2.trap (rev_chardev.c.d6e7b578_0.trap.tar.zst) (48 of 122)
[2026-05-14 09:39:08] Importing posix_types.h.97e4c7a3.trap (rev_chardev.c.d6e7b578_0.trap.tar.zst) (49 of 122)
[2026-05-14 09:39:08] Importing posix_types_64.h.b8570d5b.trap (rev_chardev.c.d6e7b578_0.trap.tar.zst) (50 of 122)
[2026-05-14 09:39:08] Importing posix_types.h.5821cf1c.trap (rev_chardev.c.d6e7b578_0.trap.tar.zst) (51 of 122)
[2026-05-14 09:39:08] Importing posix_types.h.b0f214d5.trap (rev_chardev.c.d6e7b578_0.trap.tar.zst) (52 of 122)
[2026-05-14 09:39:08] Importing types.h.0237afa4.trap (rev_chardev.c.d6e7b578_0.trap.tar.zst) (53 of 122)
[2026-05-14 09:39:08] Importing sysinfo.h.b6042498.trap (rev_chardev.c.d6e7b578_0.trap.tar.zst) (54 of 122)
[2026-05-14 09:39:08] Importing const.h.16e8cb99.trap (rev_chardev.c.d6e7b578_0.trap.tar.zst) (55 of 122)
[2026-05-14 09:39:08] Importing kernel.h.396caec5.trap (rev_chardev.c.d6e7b578_0.trap.tar.zst) (56 of 122)
[2026-05-14 09:39:08] Importing limits.h.121b6911.trap (rev_chardev.c.d6e7b578_0.trap.tar.zst) (57 of 122)
[2026-05-14 09:39:08] Importing ioctl.h.27db397f.trap (rev_chardev.c.d6e7b578_0.trap.tar.zst) (58 of 122)
[2026-05-14 09:39:08] Importing ioctl.h.0b47c706.trap (rev_chardev.c.d6e7b578_0.trap.tar.zst) (59 of 122)
[2026-05-14 09:39:08] Importing ioctl.h.e8154b1e.trap (rev_chardev.c.d6e7b578_0.trap.tar.zst) (60 of 122)
[2026-05-14 09:39:08] Importing fs.h.1117783f.trap (rev_chardev.c.d6e7b578_0.trap.tar.zst) (61 of 122)
[2026-05-14 09:39:08] Importing rev_chardev.c.d6e7b578.trap (rev_chardev.c.d6e7b578_0.trap.tar.zst) (62 of 122)
[2026-05-14 09:39:08] Importing usb_event_logger.c.8ba90240.trap (usb_event_logger.c.8ba90240_0.trap.tar.zst) (63 of 122)
[2026-05-14 09:39:08] Importing version.h.a286484a.trap (vnet_pktfilter.c.f0e76e61_0.trap.tar.zst) (64 of 122)
[2026-05-14 09:39:08] Importing ip.h.002ddd00.trap (vnet_pktfilter.c.f0e76e61_0.trap.tar.zst) (65 of 122)
[2026-05-14 09:39:08] Importing tcp.h.35c54a1b.trap (vnet_pktfilter.c.f0e76e61_0.trap.tar.zst) (66 of 122)
[2026-05-14 09:39:08] Importing udp.h.66e565c6.trap (vnet_pktfilter.c.f0e76e61_0.trap.tar.zst) (67 of 122)
[2026-05-14 09:39:08] Importing if_ether.h.05bedf6c.trap (vnet_pktfilter.c.f0e76e61_0.trap.tar.zst) (68 of 122)
[2026-05-14 09:39:08] Importing stddef.h.bd63fe3a.trap (vnet_pktfilter.c.f0e76e61_0.trap.tar.zst) (69 of 122)
[2026-05-14 09:39:08] Importing struct_iovec.h.3d302d95.trap (vnet_pktfilter.c.f0e76e61_0.trap.tar.zst) (70 of 122)
[2026-05-14 09:39:08] Importing stddef.h.a6f2e521.trap (vnet_pktfilter.c.f0e76e61_0.trap.tar.zst) (71 of 122)
[2026-05-14 09:39:08] Importing stddef.h.945b7c87.trap (vnet_pktfilter.c.f0e76e61_0.trap.tar.zst) (72 of 122)
[2026-05-14 09:39:08] Importing typesizes.h.4b28ba6f.trap (vnet_pktfilter.c.f0e76e61_0.trap.tar.zst) (73 of 122)
[2026-05-14 09:39:08] Importing time64.h.6b1076bc.trap (vnet_pktfilter.c.f0e76e61_0.trap.tar.zst) (74 of 122)
[2026-05-14 09:39:08] Importing types.h.bc72062e.trap (vnet_pktfilter.c.f0e76e61_0.trap.tar.zst) (75 of 122)
[2026-05-14 09:39:08] Importing clock_t.h.b66baaab.trap (vnet_pktfilter.c.f0e76e61_0.trap.tar.zst) (76 of 122)
[2026-05-14 09:39:08] Importing clockid_t.h.e1ee00d7.trap (vnet_pktfilter.c.f0e76e61_0.trap.tar.zst) (77 of 122)
[2026-05-14 09:39:08] Importing time_t.h.76e091e1.trap (vnet_pktfilter.c.f0e76e61_0.trap.tar.zst) (78 of 122)
[2026-05-14 09:39:08] Importing timer_t.h.1423ff19.trap (vnet_pktfilter.c.f0e76e61_0.trap.tar.zst) (79 of 122)
[2026-05-14 09:39:08] Importing stddef.h.5603fd00.trap (vnet_pktfilter.c.f0e76e61_0.trap.tar.zst) (80 of 122)
[2026-05-14 09:39:08] Importing stdint-intn.h.1cd9a1b4.trap (vnet_pktfilter.c.f0e76e61_0.trap.tar.zst) (81 of 122)
[2026-05-14 09:39:08] Importing endianness.h.6bc9855b.trap (vnet_pktfilter.c.f0e76e61_0.trap.tar.zst) (82 of 122)
[2026-05-14 09:39:08] Importing endian.h.f3916c7e.trap (vnet_pktfilter.c.f0e76e61_0.trap.tar.zst) (83 of 122)
[2026-05-14 09:39:08] Importing byteswap.h.c169895f.trap (vnet_pktfilter.c.f0e76e61_0.trap.tar.zst) (84 of 122)
[2026-05-14 09:39:08] Importing uintn-identity.h.e7a89bbd.trap (vnet_pktfilter.c.f0e76e61_0.trap.tar.zst) (85 of 122)
[2026-05-14 09:39:08] Importing endian.h.a36c29f4.trap (vnet_pktfilter.c.f0e76e61_0.trap.tar.zst) (86 of 122)
[2026-05-14 09:39:08] Importing select.h.ebf33703.trap (vnet_pktfilter.c.f0e76e61_0.trap.tar.zst) (87 of 122)
[2026-05-14 09:39:08] Importing __sigset_t.h.bda3d9b7.trap (vnet_pktfilter.c.f0e76e61_0.trap.tar.zst) (88 of 122)
[2026-05-14 09:39:08] Importing sigset_t.h.b6823226.trap (vnet_pktfilter.c.f0e76e61_0.trap.tar.zst) (89 of 122)
[2026-05-14 09:39:08] Importing struct_timeval.h.ef67d9f7.trap (vnet_pktfilter.c.f0e76e61_0.trap.tar.zst) (90 of 122)
[2026-05-14 09:39:08] Importing struct_timespec.h.c13f9683.trap (vnet_pktfilter.c.f0e76e61_0.trap.tar.zst) (91 of 122)
[2026-05-14 09:39:08] Importing select.h.251152b3.trap (vnet_pktfilter.c.f0e76e61_0.trap.tar.zst) (92 of 122)
[2026-05-14 09:39:08] Importing pthreadtypes-arch.h.21fe3b78.trap (vnet_pktfilter.c.f0e76e61_0.trap.tar.zst) (93 of 122)
[2026-05-14 09:39:08] Importing atomic_wide_counter.h.4aa281cb.trap (vnet_pktfilter.c.f0e76e61_0.trap.tar.zst) (94 of 122)
[2026-05-14 09:39:08] Importing struct_mutex.h.de3e474a.trap (vnet_pktfilter.c.f0e76e61_0.trap.tar.zst) (95 of 122)
[2026-05-14 09:39:08] Importing struct_rwlock.h.010612d1.trap (vnet_pktfilter.c.f0e76e61_0.trap.tar.zst) (96 of 122)
[2026-05-14 09:39:08] Importing thread-shared-types.h.326b3e23.trap (vnet_pktfilter.c.f0e76e61_0.trap.tar.zst) (97 of 122)
[2026-05-14 09:39:08] Importing pthreadtypes.h.e7cdb21d.trap (vnet_pktfilter.c.f0e76e61_0.trap.tar.zst) (98 of 122)
[2026-05-14 09:39:08] Importing types.h.f6a087a6.trap (vnet_pktfilter.c.f0e76e61_0.trap.tar.zst) (99 of 122)
[2026-05-14 09:39:08] Importing socket_type.h.ad4e33b3.trap (vnet_pktfilter.c.f0e76e61_0.trap.tar.zst) (100 of 122)
[2026-05-14 09:39:08] Importing sockaddr.h.462b892a.trap (vnet_pktfilter.c.f0e76e61_0.trap.tar.zst) (101 of 122)
[2026-05-14 09:39:08] Importing sockios.h.121b6911.trap (vnet_pktfilter.c.f0e76e61_0.trap.tar.zst) (102 of 122)
[2026-05-14 09:39:08] Importing sockios.h.d545c870.trap (vnet_pktfilter.c.f0e76e61_0.trap.tar.zst) (103 of 122)
[2026-05-14 09:39:08] Importing socket.h.39f6c68e.trap (vnet_pktfilter.c.f0e76e61_0.trap.tar.zst) (104 of 122)
[2026-05-14 09:39:08] Importing socket.h.4dc67ce9.trap (vnet_pktfilter.c.f0e76e61_0.trap.tar.zst) (105 of 122)
[2026-05-14 09:39:08] Importing socket.h.9ab2a341.trap (vnet_pktfilter.c.f0e76e61_0.trap.tar.zst) (106 of 122)
[2026-05-14 09:39:08] Importing struct_osockaddr.h.cc3127e0.trap (vnet_pktfilter.c.f0e76e61_0.trap.tar.zst) (107 of 122)
[2026-05-14 09:39:08] Importing socket.h.2b11a62f.trap (vnet_pktfilter.c.f0e76e61_0.trap.tar.zst) (108 of 122)
[2026-05-14 09:39:08] Importing ioctl.h.3eb99162.trap (vnet_pktfilter.c.f0e76e61_0.trap.tar.zst) (109 of 122)
[2026-05-14 09:39:08] Importing if.h.2d985efd.trap (vnet_pktfilter.c.f0e76e61_0.trap.tar.zst) (110 of 122)
[2026-05-14 09:39:09] Importing if_packet.h.b0a8a081.trap (vnet_pktfilter.c.f0e76e61_0.trap.tar.zst) (111 of 122)
[2026-05-14 09:39:09] Importing netlink.h.7c9155b9.trap (vnet_pktfilter.c.f0e76e61_0.trap.tar.zst) (112 of 122)
[2026-05-14 09:39:09] Importing if_link.h.1b1bf7b4.trap (vnet_pktfilter.c.f0e76e61_0.trap.tar.zst) (113 of 122)
[2026-05-14 09:39:09] Importing netdevice.h.c13c4f9f.trap (vnet_pktfilter.c.f0e76e61_0.trap.tar.zst) (114 of 122)
[2026-05-14 09:39:09] Importing vnet_pktfilter.c.f0e76e61.trap (vnet_pktfilter.c.f0e76e61_0.trap.tar.zst) (115 of 122)
[2026-05-14 09:39:09] Importing 37649670_0.trap.zst (116 of 122)
[2026-05-14 09:39:09] Importing 53930267_0.trap.zst (117 of 122)
[2026-05-14 09:39:09] Importing 17618180_0.trap.zst (118 of 122)
[2026-05-14 09:39:09] Importing 22740300_0.trap.zst (119 of 122)
[2026-05-14 09:39:09] Importing 278809_0.trap.zst (120 of 122)
[2026-05-14 09:39:09] Importing 52297023_0.trap.zst (121 of 122)
[2026-05-14 09:39:09] Importing metadata.trap.gz (122 of 122)
[2026-05-14 09:39:09] [PROGRESS] dataset import> Merging relations
[2026-05-14 09:39:09] Merging 1 fragment for 'files'.
[2026-05-14 09:39:09] Merged 325 bytes for 'files'.
[2026-05-14 09:39:09] Merging 1 fragment for 'numlines'.
[2026-05-14 09:39:09] Merged 812 bytes for 'numlines'.
[2026-05-14 09:39:09] Merging 1 fragment for 'locations_default'.
[2026-05-14 09:39:09] Merged 51423 bytes (50.22 KiB) for 'locations_default'.
[2026-05-14 09:39:09] Merging 1 fragment for 'preprocdirects'.
[2026-05-14 09:39:09] Merged 9643 bytes (9.42 KiB) for 'preprocdirects'.
[2026-05-14 09:39:09] Merging 1 fragment for 'preproctext'.
[2026-05-14 09:39:09] Merged 9508 bytes (9.29 KiB) for 'preproctext'.
[2026-05-14 09:39:09] Merging 1 fragment for 'includes'.
[2026-05-14 09:39:09] Merged 616 bytes for 'includes'.
[2026-05-14 09:39:09] Merging 1 fragment for 'type_mentions'.
[2026-05-14 09:39:09] Merged 2731 bytes (2.67 KiB) for 'type_mentions'.
[2026-05-14 09:39:09] Merging 1 fragment for 'usertypes'.
[2026-05-14 09:39:09] Merged 1476 bytes (1.44 KiB) for 'usertypes'.
[2026-05-14 09:39:09] Merging 1 fragment for 'unspecifiedtype'.
[2026-05-14 09:39:09] Merged 2003 bytes (1.96 KiB) for 'unspecifiedtype'.
[2026-05-14 09:39:09] Merging 1 fragment for 'link_parent'.
[2026-05-14 09:39:09] Merged 480 bytes for 'link_parent'.
[2026-05-14 09:39:09] Merging 1 fragment for 'usertypesize'.
[2026-05-14 09:39:09] Merged 768 bytes for 'usertypesize'.
[2026-05-14 09:39:09] Merging 1 fragment for 'is_pod_class'.
[2026-05-14 09:39:09] Merged 222 bytes for 'is_pod_class'.
[2026-05-14 09:39:09] Merging 1 fragment for 'is_standard_layout_class'.
[2026-05-14 09:39:09] Merged 222 bytes for 'is_standard_layout_class'.
[2026-05-14 09:39:09] Merging 1 fragment for 'is_complete'.
[2026-05-14 09:39:09] Merged 222 bytes for 'is_complete'.
[2026-05-14 09:39:09] Merging 1 fragment for 'member'.
[2026-05-14 09:39:09] Merged 2240 bytes (2.19 KiB) for 'member'.
[2026-05-14 09:39:09] Merging 1 fragment for 'type_decls'.
[2026-05-14 09:39:09] Merged 1782 bytes (1.74 KiB) for 'type_decls'.
[2026-05-14 09:39:09] Merging 1 fragment for 'type_def'.
[2026-05-14 09:39:09] Merged 313 bytes for 'type_def'.
[2026-05-14 09:39:09] Merging 1 fragment for 'type_decl_top'.
[2026-05-14 09:39:09] Merged 478 bytes for 'type_decl_top'.
[2026-05-14 09:39:09] Merging 1 fragment for 'derivedtypes'.
[2026-05-14 09:39:09] Merged 1145 bytes (1.12 KiB) for 'derivedtypes'.
[2026-05-14 09:39:09] Merging 1 fragment for 'arraysizes'.
[2026-05-14 09:39:09] Merged 413 bytes for 'arraysizes'.
[2026-05-14 09:39:09] Merging 1 fragment for 'values'.
[2026-05-14 09:39:09] Merged 4892 bytes (4.78 KiB) for 'values'.
[2026-05-14 09:39:09] Merging 1 fragment for 'valuetext'.
[2026-05-14 09:39:09] Merged 1361 bytes (1.33 KiB) for 'valuetext'.
[2026-05-14 09:39:09] Merging 1 fragment for 'locations_expr'.
[2026-05-14 09:39:09] Merged 5803 bytes (5.67 KiB) for 'locations_expr'.
[2026-05-14 09:39:09] Merging 1 fragment for 'exprs'.
[2026-05-14 09:39:09] Merged 9256 bytes (9.04 KiB) for 'exprs'.
[2026-05-14 09:39:09] Merging 1 fragment for 'expr_types'.
[2026-05-14 09:39:09] Merged 6912 bytes (6.75 KiB) for 'expr_types'.
[2026-05-14 09:39:09] Merging 1 fragment for 'valuebind'.
[2026-05-14 09:39:09] Merged 4068 bytes (3.97 KiB) for 'valuebind'.
[2026-05-14 09:39:09] Merging 1 fragment for 'membervariables'.
[2026-05-14 09:39:09] Merged 2971 bytes (2.90 KiB) for 'membervariables'.
[2026-05-14 09:39:09] Merging 1 fragment for 'fieldoffsets'.
[2026-05-14 09:39:09] Merged 1725 bytes (1.68 KiB) for 'fieldoffsets'.
[2026-05-14 09:39:09] Merging 1 fragment for 'var_decls'.
[2026-05-14 09:39:09] Merged 7164 bytes (7.00 KiB) for 'var_decls'.
[2026-05-14 09:39:09] Merging 1 fragment for 'var_def'.
[2026-05-14 09:39:09] Merged 1008 bytes for 'var_def'.
[2026-05-14 09:39:09] Merging 1 fragment for 'macroinvocations'.
[2026-05-14 09:39:09] Merged 4748 bytes (4.64 KiB) for 'macroinvocations'.
[2026-05-14 09:39:09] Merging 1 fragment for 'preproctrue'.
[2026-05-14 09:39:09] Merged 417 bytes for 'preproctrue'.
[2026-05-14 09:39:09] Merging 1 fragment for 'comments'.
[2026-05-14 09:39:09] Merged 6795 bytes (6.64 KiB) for 'comments'.
[2026-05-14 09:39:09] Merging 1 fragment for 'commentbinding'.
[2026-05-14 09:39:09] Merged 4469 bytes (4.36 KiB) for 'commentbinding'.
[2026-05-14 09:39:09] Merging 1 fragment for 'containerparent'.
[2026-05-14 09:39:09] Merged 349 bytes for 'containerparent'.
[2026-05-14 09:39:09] Merging 1 fragment for 'folders'.
[2026-05-14 09:39:09] Merged 121 bytes for 'folders'.
[2026-05-14 09:39:09] Merging 1 fragment for 'mangled_name'.
[2026-05-14 09:39:09] Merged 1163 bytes (1.14 KiB) for 'mangled_name'.
[2026-05-14 09:39:09] Merging 1 fragment for 'varspecifiers'.
[2026-05-14 09:39:09] Merged 7459 bytes (7.28 KiB) for 'varspecifiers'.
[2026-05-14 09:39:09] Merging 1 fragment for 'macrolocationbind'.
[2026-05-14 09:39:09] Merged 619 bytes for 'macrolocationbind'.
[2026-05-14 09:39:09] Merging 1 fragment for 'inmacroexpansion'.
[2026-05-14 09:39:09] Merged 4714 bytes (4.60 KiB) for 'inmacroexpansion'.
[2026-05-14 09:39:09] Merging 1 fragment for 'preprocpair'.
[2026-05-14 09:39:09] Merged 1922 bytes (1.88 KiB) for 'preprocpair'.
[2026-05-14 09:39:09] Merging 1 fragment for 'enumconstants'.
[2026-05-14 09:39:09] Merged 3908 bytes (3.82 KiB) for 'enumconstants'.
[2026-05-14 09:39:09] Merging 1 fragment for 'initialisers'.
[2026-05-14 09:39:09] Merged 3323 bytes (3.25 KiB) for 'initialisers'.
[2026-05-14 09:39:09] Merging 1 fragment for 'exprparents'.
[2026-05-14 09:39:09] Merged 6190 bytes (6.04 KiB) for 'exprparents'.
[2026-05-14 09:39:09] Merging 1 fragment for 'extractor_version'.
[2026-05-14 09:39:09] Merged 28 bytes for 'extractor_version'.
[2026-05-14 09:39:09] Merging 1 fragment for 'fileannotations'.
[2026-05-14 09:39:09] Merged 805 bytes for 'fileannotations'.
[2026-05-14 09:39:09] Merging 1 fragment for 'functions'.
[2026-05-14 09:39:09] Merged 428 bytes for 'functions'.
[2026-05-14 09:39:09] Merging 1 fragment for 'function_return_type'.
[2026-05-14 09:39:09] Merged 452 bytes for 'function_return_type'.
[2026-05-14 09:39:09] Merging 1 fragment for 'pointerishsize'.
[2026-05-14 09:39:09] Merged 160 bytes for 'pointerishsize'.
[2026-05-14 09:39:09] Merging 1 fragment for 'function_prototyped'.
[2026-05-14 09:39:09] Merged 173 bytes for 'function_prototyped'.
[2026-05-14 09:39:09] Merging 1 fragment for 'params'.
[2026-05-14 09:39:09] Merged 1505 bytes (1.47 KiB) for 'params'.
[2026-05-14 09:39:09] Merging 1 fragment for 'fun_decls'.
[2026-05-14 09:39:09] Merged 1404 bytes (1.37 KiB) for 'fun_decls'.
[2026-05-14 09:39:09] Merging 1 fragment for 'fun_def'.
[2026-05-14 09:39:09] Merged 77 bytes for 'fun_def'.
[2026-05-14 09:39:09] Merging 1 fragment for 'fun_decl_specifiers'.
[2026-05-14 09:39:09] Merged 1011 bytes for 'fun_decl_specifiers'.
[2026-05-14 09:39:09] Merging 1 fragment for 'param_decl_bind'.
[2026-05-14 09:39:09] Merged 1019 bytes for 'param_decl_bind'.
[2026-05-14 09:39:09] Merging 1 fragment for 'locations_stmt'.
[2026-05-14 09:39:09] Merged 2405 bytes (2.35 KiB) for 'locations_stmt'.
[2026-05-14 09:39:09] Merging 1 fragment for 'stmts'.
[2026-05-14 09:39:09] Merged 1362 bytes (1.33 KiB) for 'stmts'.
[2026-05-14 09:39:09] Merging 1 fragment for 'expr_isload'.
[2026-05-14 09:39:09] Merged 438 bytes for 'expr_isload'.
[2026-05-14 09:39:09] Merging 1 fragment for 'stmtparents'.
[2026-05-14 09:39:09] Merged 1237 bytes (1.21 KiB) for 'stmtparents'.
[2026-05-14 09:39:09] Merging 1 fragment for 'if_then'.
[2026-05-14 09:39:09] Merged 143 bytes for 'if_then'.
[2026-05-14 09:39:09] Merging 1 fragment for 'blockscope'.
[2026-05-14 09:39:09] Merged 340 bytes for 'blockscope'.
[2026-05-14 09:39:09] Merging 1 fragment for 'function_entry_point'.
[2026-05-14 09:39:09] Merged 165 bytes for 'function_entry_point'.
[2026-05-14 09:39:09] Merging 1 fragment for 'compgenerated'.
[2026-05-14 09:39:09] Merged 239 bytes for 'compgenerated'.
[2026-05-14 09:39:09] Merging 1 fragment for 'fun_implicit'.
[2026-05-14 09:39:09] Merged 84 bytes for 'fun_implicit'.
[2026-05-14 09:39:09] Merging 1 fragment for 'affectedbymacroexpansion'.
[2026-05-14 09:39:09] Merged 591 bytes for 'affectedbymacroexpansion'.
[2026-05-14 09:39:09] Merging 1 fragment for 'localvariables'.
[2026-05-14 09:39:09] Merged 272 bytes for 'localvariables'.
[2026-05-14 09:39:09] Merging 1 fragment for 'aggregate_array_init'.
[2026-05-14 09:39:09] Merged 78 bytes for 'aggregate_array_init'.
[2026-05-14 09:39:09] Merging 1 fragment for 'braced_initialisers'.
[2026-05-14 09:39:09] Merged 23 bytes for 'braced_initialisers'.
[2026-05-14 09:39:09] Merging 1 fragment for 'stmt_decl_bind'.
[2026-05-14 09:39:09] Merged 231 bytes for 'stmt_decl_bind'.
[2026-05-14 09:39:09] Merging 1 fragment for 'stmt_decl_entry_bind'.
[2026-05-14 09:39:09] Merged 202 bytes for 'stmt_decl_entry_bind'.
[2026-05-14 09:39:09] Merging 1 fragment for 'routinetypes'.
[2026-05-14 09:39:09] Merged 86 bytes for 'routinetypes'.
[2026-05-14 09:39:09] Merging 1 fragment for 'funbind'.
[2026-05-14 09:39:09] Merged 317 bytes for 'funbind'.
[2026-05-14 09:39:09] Merging 1 fragment for 'if_else'.
[2026-05-14 09:39:09] Merged 44 bytes for 'if_else'.
[2026-05-14 09:39:09] Merging 1 fragment for 'enclosingfunction'.
[2026-05-14 09:39:09] Merged 42 bytes for 'enclosingfunction'.
[2026-05-14 09:39:09] Merging 1 fragment for 'for_condition'.
[2026-05-14 09:39:09] Merged 47 bytes for 'for_condition'.
[2026-05-14 09:39:09] Merging 1 fragment for 'for_body'.
[2026-05-14 09:39:09] Merged 46 bytes for 'for_body'.
[2026-05-14 09:39:09] Merging 1 fragment for 'for_initialization'.
[2026-05-14 09:39:09] Merged 46 bytes for 'for_initialization'.
[2026-05-14 09:39:09] Merging 1 fragment for 'for_update'.
[2026-05-14 09:39:09] Merged 46 bytes for 'for_update'.
[2026-05-14 09:39:09] Merging 1 fragment for 'switch_body'.
[2026-05-14 09:39:09] Merged 37 bytes for 'switch_body'.
[2026-05-14 09:39:09] Merging 1 fragment for 'switch_case'.
[2026-05-14 09:39:09] Merged 47 bytes for 'switch_case'.
[2026-05-14 09:39:09] Merging 1 fragment for 'jumpinfo'.
[2026-05-14 09:39:09] Merged 91 bytes for 'jumpinfo'.
[2026-05-14 09:39:09] Merging 1 fragment for 'globalvariables'.
[2026-05-14 09:39:09] Merged 180 bytes for 'globalvariables'.
[2026-05-14 09:39:09] Merging 1 fragment for 'var_decl_specifiers'.
[2026-05-14 09:39:09] Merged 71 bytes for 'var_decl_specifiers'.
[2026-05-14 09:39:09] Merging 1 fragment for 'funspecifiers'.
[2026-05-14 09:39:09] Merged 513 bytes for 'funspecifiers'.
[2026-05-14 09:39:09] Merging 1 fragment for 'typespecifiers'.
[2026-05-14 09:39:09] Merged 187 bytes for 'typespecifiers'.
[2026-05-14 09:39:09] Merging 1 fragment for 'varbind'.
[2026-05-14 09:39:09] Merged 852 bytes for 'varbind'.
[2026-05-14 09:39:09] Merging 1 fragment for 'exprconv'.
[2026-05-14 09:39:09] Merged 1525 bytes (1.49 KiB) for 'exprconv'.
[2026-05-14 09:39:09] Merging 1 fragment for 'conversionkinds'.
[2026-05-14 09:39:09] Merged 370 bytes for 'conversionkinds'.
[2026-05-14 09:39:09] Merging 1 fragment for 'expr_ancestor'.
[2026-05-14 09:39:09] Merged 47 bytes for 'expr_ancestor'.
[2026-05-14 09:39:09] Merging 1 fragment for 'iscall'.
[2026-05-14 09:39:09] Merged 151 bytes for 'iscall'.
[2026-05-14 09:39:09] Merging 1 fragment for 'preprocfalse'.
[2026-05-14 09:39:09] Merged 208 bytes for 'preprocfalse'.
[2026-05-14 09:39:09] Merging 1 fragment for 'usertype_alias_kind'.
[2026-05-14 09:39:09] Merged 241 bytes for 'usertype_alias_kind'.
[2026-05-14 09:39:09] Merging 1 fragment for 'typedefbase'.
[2026-05-14 09:39:09] Merged 589 bytes for 'typedefbase'.
[2026-05-14 09:39:09] Merging 1 fragment for 'sizeof_bind'.
[2026-05-14 09:39:09] Merged 69 bytes for 'sizeof_bind'.
[2026-05-14 09:39:09] Merging 1 fragment for 'routinetypeargs'.
[2026-05-14 09:39:09] Merged 150 bytes for 'routinetypeargs'.
[2026-05-14 09:39:09] Merging 1 fragment for 'macro_argument_unexpanded'.
[2026-05-14 09:39:09] Merged 1016 bytes for 'macro_argument_unexpanded'.
[2026-05-14 09:39:09] Merging 1 fragment for 'macro_argument_expanded'.
[2026-05-14 09:39:09] Merged 1011 bytes for 'macro_argument_expanded'.
[2026-05-14 09:39:09] Merging 1 fragment for 'macroparent'.
[2026-05-14 09:39:09] Merged 870 bytes for 'macroparent'.
[2026-05-14 09:39:09] Merging 1 fragment for 'expr_cond_guard'.
[2026-05-14 09:39:09] Merged 46 bytes for 'expr_cond_guard'.
[2026-05-14 09:39:09] Merging 1 fragment for 'expr_cond_true'.
[2026-05-14 09:39:09] Merged 47 bytes for 'expr_cond_true'.
[2026-05-14 09:39:09] Merging 1 fragment for 'expr_cond_false'.
[2026-05-14 09:39:09] Merged 47 bytes for 'expr_cond_false'.
[2026-05-14 09:39:09] Merging 1 fragment for 'attributes'.
[2026-05-14 09:39:09] Merged 581 bytes for 'attributes'.
[2026-05-14 09:39:09] Merging 1 fragment for 'varattributes'.
[2026-05-14 09:39:09] Merged 39 bytes for 'varattributes'.
[2026-05-14 09:39:09] Merging 1 fragment for 'funcattributes'.
[2026-05-14 09:39:09] Merged 374 bytes for 'funcattributes'.
[2026-05-14 09:39:09] Merging 1 fragment for 'attribute_arg_constant'.
[2026-05-14 09:39:09] Merged 247 bytes for 'attribute_arg_constant'.
[2026-05-14 09:39:09] Merging 1 fragment for 'attribute_args'.
[2026-05-14 09:39:09] Merged 521 bytes for 'attribute_args'.
[2026-05-14 09:39:09] Merging 1 fragment for 'orphaned_variables'.
[2026-05-14 09:39:09] Merged 32 bytes for 'orphaned_variables'.
[2026-05-14 09:39:09] Merging 1 fragment for 'builtintypes'.
[2026-05-14 09:39:09] Merged 402 bytes for 'builtintypes'.
[2026-05-14 09:39:09] Merging 1 fragment for 'link_targets'.
[2026-05-14 09:39:09] Merged 27 bytes for 'link_targets'.
[2026-05-14 09:39:09] Merging 1 fragment for 'namespaces'.
[2026-05-14 09:39:09] Merged 27 bytes for 'namespaces'.
[2026-05-14 09:39:09] Merging 1 fragment for 'specialnamequalifyingelements'.
[2026-05-14 09:39:09] Merged 28 bytes for 'specialnamequalifyingelements'.
[2026-05-14 09:39:09] Merging 1 fragment for 'specifiers'.
[2026-05-14 09:39:09] Merged 168 bytes for 'specifiers'.
[2026-05-14 09:39:09] Merging 1 fragment for 'typeattributes'.
[2026-05-14 09:39:09] Merged 51 bytes for 'typeattributes'.
[2026-05-14 09:39:09] Merging 1 fragment for 'bitfield'.
[2026-05-14 09:39:09] Merged 129 bytes for 'bitfield'.
[2026-05-14 09:39:09] Merging 1 fragment for 'attribute_arg_value'.
[2026-05-14 09:39:09] Merged 31 bytes for 'attribute_arg_value'.
[2026-05-14 09:39:09] Merging 1 fragment for 'compilations'.
[2026-05-14 09:39:09] Merged 38 bytes for 'compilations'.
[2026-05-14 09:39:09] Merging 1 fragment for 'compilation_build_mode'.
[2026-05-14 09:39:09] Merged 36 bytes for 'compilation_build_mode'.
[2026-05-14 09:39:09] Merging 1 fragment for 'compilation_args'.
[2026-05-14 09:39:09] Merged 113 bytes for 'compilation_args'.
[2026-05-14 09:39:09] Merging 1 fragment for 'compilation_compiling_files'.
[2026-05-14 09:39:09] Merged 58 bytes for 'compilation_compiling_files'.
[2026-05-14 09:39:09] Merging 1 fragment for 'diagnostics'.
[2026-05-14 09:39:09] Merged 1275 bytes (1.25 KiB) for 'diagnostics'.
[2026-05-14 09:39:09] Merging 1 fragment for 'diagnostic_for'.
[2026-05-14 09:39:09] Merged 530 bytes for 'diagnostic_for'.
[2026-05-14 09:39:09] Merging 1 fragment for 'compilation_time'.
[2026-05-14 09:39:09] Merged 336 bytes for 'compilation_time'.
[2026-05-14 09:39:09] Merging 1 fragment for 'compilation_finished'.
[2026-05-14 09:39:09] Merged 119 bytes for 'compilation_finished'.
[2026-05-14 09:39:09] Merging 1 fragment for 'sourceLocationPrefix'.
[2026-05-14 09:39:09] Merged 18 bytes for 'sourceLocationPrefix'.
[2026-05-14 09:39:09] Saving string and id pools to disk.
[2026-05-14 09:39:09] Finished importing TRAP files.
[2026-05-14 09:39:09] Read 6.21 MiB of uncompressed TRAP data.
[2026-05-14 09:39:09] Uncompressed relation data size: 847.49 KiB
[2026-05-14 09:39:09] Relation data size: 202.41 KiB (merge rate: 2.82 MiB/s)
[2026-05-14 09:39:09] String pool size: 2.22 MiB
[2026-05-14 09:39:09] ID pool size: 1.75 MiB
[2026-05-14 09:39:09] [PROGRESS] dataset import> Finished writing database (relations: 202.41 KiB; string pool: 2.22 MiB).
[2026-05-14 09:39:09] Pausing evaluation to close the cache at sequence stamp o+251
[2026-05-14 09:39:09] The disk cache is freshly trimmed; leave it be.
[2026-05-14 09:39:09] Unpausing evaluation
[2026-05-14 09:39:09] Plumbing command codeql dataset import completed.
[2026-05-14 09:39:09] [PROGRESS] database finalize> TRAP import complete (535ms).
[2026-05-14 09:39:09] Running plumbing command: codeql database cleanup -- /home/shafi/harden/eval3_demo/stase3/out/eval2_linux/codeql_db
[2026-05-14 09:39:09] [PROGRESS] database cleanup> Cleaning up existing TRAP files after import...
[2026-05-14 09:39:09] [PROGRESS] database cleanup> TRAP files cleaned up (1ms).
[2026-05-14 09:39:09] [PROGRESS] database cleanup> Cleaning up scratch directory...
[2026-05-14 09:39:09] [PROGRESS] database cleanup> Scratch directory cleaned up (0ms).
[2026-05-14 09:39:09] Running plumbing command: codeql dataset cleanup -- /home/shafi/harden/eval3_demo/stase3/out/eval2_linux/codeql_db/db-cpp
[2026-05-14 09:39:09] [PROGRESS] dataset cleanup> Cleaning up dataset in /home/shafi/harden/eval3_demo/stase3/out/eval2_linux/codeql_db/db-cpp.
[2026-05-14 09:39:09] Trimming disk cache at /home/shafi/harden/eval3_demo/stase3/out/eval2_linux/codeql_db/db-cpp/default/cache in mode trim.
[2026-05-14 09:39:09] Sequence stamp origin is -5914098029257527125
[2026-05-14 09:39:09] Pausing evaluation to quickly trim memory at sequence stamp o+0
[2026-05-14 09:39:09] Unpausing evaluation
[2026-05-14 09:39:09] Pausing evaluation to zealously trim disk at sequence stamp o+1
[2026-05-14 09:39:09] Unpausing evaluation
[2026-05-14 09:39:09] Trimming completed (1ms): Trimmed disposable data from cache.
[2026-05-14 09:39:09] Pausing evaluation to close the cache at sequence stamp o+2
[2026-05-14 09:39:09] The disk cache is freshly trimmed; leave it be.
[2026-05-14 09:39:09] Unpausing evaluation
[2026-05-14 09:39:09] [PROGRESS] dataset cleanup> Trimmed disposable data from cache.
[2026-05-14 09:39:09] [PROGRESS] dataset cleanup> Finalizing dataset in /home/shafi/harden/eval3_demo/stase3/out/eval2_linux/codeql_db/db-cpp
[2026-05-14 09:39:09] [DETAILS] dataset cleanup> Finished deleting ID pool from /home/shafi/harden/eval3_demo/stase3/out/eval2_linux/codeql_db/db-cpp (1ms).
[2026-05-14 09:39:09] Plumbing command codeql dataset cleanup completed.
[2026-05-14 09:39:09] Plumbing command codeql database cleanup completed with status 0.
[2026-05-14 09:39:09] [PROGRESS] database finalize> Finished zipping source archive (169.31 KiB).
[2026-05-14 09:39:09] Plumbing command codeql database finalize completed.
[2026-05-14 09:39:09] [PROGRESS] database create> Successfully created database at /home/shafi/harden/eval3_demo/stase3/out/eval2_linux/codeql_db.
[2026-05-14 09:39:09] Terminating normally.
