=================================================================
==716890==ERROR: AddressSanitizer: heap-use-after-free on address 0x503000000040 at pc 0x613fd6bc778a bp 0x7fffd5814290 sp 0x7fffd5814280
READ of size 8 at 0x503000000040 thread T0
    #0 0x613fd6bc7789 in route_one_packet /home/shafi/harden/eval3_demo/stase3/vnet_pktfilter.c:320
    #1 0x613fd6bc77f2 in main /home/shafi/harden/eval3_demo/stase3/harness.c:178
    #2 0x7cc3fda2a1c9 in __libc_start_call_main ../sysdeps/nptl/libc_start_call_main.h:58
    #3 0x7cc3fda2a28a in __libc_start_main_impl ../csu/libc-start.c:360
    #4 0x613fd6bc7204 in _start (/home/shafi/harden/eval3_demo/stase3/out/eval2_linux/path_a/vnet_pktfilter_line320/harness+0x2204) (BuildId: 51afce83948637929f2b27773e73b9ec0bf4702f)

0x503000000040 is located 0 bytes inside of 24-byte region [0x503000000040,0x503000000058)
freed by thread T0 here:
    #0 0x7cc3fe6fc4d8 in free ../../../../src/libsanitizer/asan/asan_malloc_linux.cpp:52
    #1 0x613fd6bc76de in packet_filter_exit /home/shafi/harden/eval3_demo/stase3/vnet_pktfilter.c:320
    #2 0x613fd6bc77e7 in main /home/shafi/harden/eval3_demo/stase3/harness.c:175
    #3 0x7cc3fda2a1c9 in __libc_start_call_main ../sysdeps/nptl/libc_start_call_main.h:58
    #4 0x7cc3fda2a28a in __libc_start_main_impl ../csu/libc-start.c:360
    #5 0x613fd6bc7204 in _start (/home/shafi/harden/eval3_demo/stase3/out/eval2_linux/path_a/vnet_pktfilter_line320/harness+0x2204) (BuildId: 51afce83948637929f2b27773e73b9ec0bf4702f)

previously allocated by thread T0 here:
    #0 0x7cc3fe6fd9c7 in malloc ../../../../src/libsanitizer/asan/asan_malloc_linux.cpp:69
    #1 0x613fd6bc74b1 in packet_filter_init /home/shafi/harden/eval3_demo/stase3/out/eval2_linux/harnesses/harness_vnet_pktfilter_line320.c:115
    #2 0x613fd6bc77d1 in main /home/shafi/harden/eval3_demo/stase3/harness.c:171
    #3 0x7cc3fda2a1c9 in __libc_start_call_main ../sysdeps/nptl/libc_start_call_main.h:58
    #4 0x7cc3fda2a28a in __libc_start_main_impl ../csu/libc-start.c:360
    #5 0x613fd6bc7204 in _start (/home/shafi/harden/eval3_demo/stase3/out/eval2_linux/path_a/vnet_pktfilter_line320/harness+0x2204) (BuildId: 51afce83948637929f2b27773e73b9ec0bf4702f)

SUMMARY: AddressSanitizer: heap-use-after-free /home/shafi/harden/eval3_demo/stase3/vnet_pktfilter.c:320 in route_one_packet
Shadow bytes around the buggy address:
  0x502ffffffd80: 00 00 00 00 00 00 00 00 00 00 00 00 00 00 00 00
  0x502ffffffe00: 00 00 00 00 00 00 00 00 00 00 00 00 00 00 00 00
  0x502ffffffe80: 00 00 00 00 00 00 00 00 00 00 00 00 00 00 00 00
  0x502fffffff00: 00 00 00 00 00 00 00 00 00 00 00 00 00 00 00 00
  0x502fffffff80: 00 00 00 00 00 00 00 00 00 00 00 00 00 00 00 00
=>0x503000000000: fa fa 00 00 00 fa fa fa[fd]fd fd fa fa fa 00 00
  0x503000000080: 00 00 fa fa fa fa fa fa fa fa fa fa fa fa fa fa
  0x503000000100: fa fa fa fa fa fa fa fa fa fa fa fa fa fa fa fa
  0x503000000180: fa fa fa fa fa fa fa fa fa fa fa fa fa fa fa fa
  0x503000000200: fa fa fa fa fa fa fa fa fa fa fa fa fa fa fa fa
  0x503000000280: fa fa fa fa fa fa fa fa fa fa fa fa fa fa fa fa
Shadow byte legend (one shadow byte represents 8 application bytes):
  Addressable:           00
  Partially addressable: 01 02 03 04 05 06 07 
  Heap left redzone:       fa
  Freed heap region:       fd
  Stack left redzone:      f1
  Stack mid redzone:       f2
  Stack right redzone:     f3
  Stack after return:      f5
  Stack use after scope:   f8
  Global redzone:          f9
  Global init order:       f6
  Poisoned by user:        f7
  Container overflow:      fc
  Array cookie:            ac
  Intra object redzone:    bb
  ASan internal:           fe
  Left alloca redzone:     ca
  Right alloca redzone:    cb
==716890==ABORTING
