[E 16:39:08 668658] CodeQL C/C++ Extractor 2.22.1
[E 16:39:08 668658] Current directory: /home/shafi/harden/eval3_demo/stase3/out/eval2_linux/src
[E 16:39:08 668658] Command: /home/shafi/codeql-cli/codeql/cpp/tools/linux64/extractor --mimic /home/shafi/harden/eval3_demo/stase3/out/eval2_linux/codeql_db/working/autobuild/bin/clang @/home/shafi/harden/eval3_demo/stase3/out/eval2_linux/codeql_db/working/args/args0yqgvv22
[E 16:39:08 668658] Warning[extractor-c++]: In canonicalise_path: fs::canonical failed on /home/shafi/harden/eval3_demo/stase3/out/eval2_linux/src/drivers/evt_notifier/evt_notifier.c.o (No such file or directory)
[E 16:39:08 668658] Checking whether C compilation already happened.
[E 16:39:08 668658] Checking for tag c-compilation-happened
[E 16:39:08 668658] Looks like C compilation didn't already happen.
[E 16:39:08 668658] Checking whether C compilation has been attempted.
[E 16:39:08 668658] Checking for tag c-compilation-attempted
[E 16:39:08 668658] Marking C compilation as attempted.
[E 16:39:08 668658] Setting tag c-compilation-attempted
[E 16:39:08 668658] Processed command line: /home/shafi/codeql-cli/codeql/cpp/tools/linux64/extractor --trapfolder /home/shafi/harden/eval3_demo/stase3/out/eval2_linux/codeql_db/trap/cpp --src_archive /home/shafi/harden/eval3_demo/stase3/out/eval2_linux/codeql_db/src --object_filename /home/shafi/harden/eval3_demo/stase3/out/eval2_linux/src/drivers/evt_notifier/evt_notifier.c.o --no_warnings_and_discretionary_errors --error_limit 10000 --disable_system_macros --variadic_macros --incognito --gcc --clang_version 140006 --gnu_version 40801 --has_feature_vector 1111111111111111000000000000000000000000000000000000000000000000000011 --clang -D_LP64=1 -D__ATOMIC_ACQUIRE=2 -D__ATOMIC_ACQ_REL=4 -D__ATOMIC_CONSUME=1 -D__ATOMIC_RELAXED=0 -D__ATOMIC_RELEASE=3 -D__ATOMIC_SEQ_CST=5 -D__BIGGEST_ALIGNMENT__=16 -D__BITINT_MAXWIDTH__=128 -D__BOOL_WIDTH__=8 -D__BYTE_ORDER__=__ORDER_LITTLE_ENDIAN__ -D__CHAR_BIT__=8 -D__CLANG_ATOMIC_BOOL_LOCK_FREE=2 -D__CLANG_ATOMIC_CHAR16_T_LOCK_FREE=2 -D__CLANG_ATOMIC_CHAR32_T_LOCK_FREE=2 -D__CLANG_ATOMIC_CHAR_LOCK_FREE=2 -D__CLANG_ATOMIC_INT_LOCK_FREE=2 -D__CLANG_ATOMIC_LLONG_LOCK_FREE=2 -D__CLANG_ATOMIC_LONG_LOCK_FREE=2 -D__CLANG_ATOMIC_POINTER_LOCK_FREE=2 -D__CLANG_ATOMIC_SHORT_LOCK_FREE=2 -D__CLANG_ATOMIC_WCHAR_T_LOCK_FREE=2 -D__CONSTANT_CFSTRINGS__=1 -D__DBL_DECIMAL_DIG__=17 -D__DBL_DENORM_MIN__=4.9406564584124654e-324 -D__DBL_DIG__=15 -D__DBL_EPSILON__=2.2204460492503131e-16 -D__DBL_HAS_DENORM__=1 -D__DBL_HAS_INFINITY__=1 -D__DBL_HAS_QUIET_NAN__=1 -D__DBL_MANT_DIG__=53 -D__DBL_MAX_10_EXP__=308 -D__DBL_MAX_EXP__=1024 '-D__DBL_MAX__=1.7976931348623157e+308' '-D__DBL_MIN_10_EXP__=(-307)' '-D__DBL_MIN_EXP__=(-1021)' -D__DBL_MIN__=2.2250738585072014e-308 -D__DECIMAL_DIG__=__LDBL_DECIMAL_DIG__ -D__ELF__=1 -D__FINITE_MATH_ONLY__=0 -D__FLOAT128__=1 -D__FLT_DECIMAL_DIG__=9 -D__FLT_DENORM_MIN__=1.40129846e-45F -D__FLT_DIG__=6 -D__FLT_EPSILON__=1.19209290e-7F -D__FLT_EVAL_METHOD__=0 -D__FLT_HAS_DENORM__=1 -D__FLT_HAS_INFINITY__=1 -D__FLT_HAS_QUIET_NAN__=1 -D__FLT_MANT_DIG__=24 -D__FLT_MAX_10_EXP__=38 -D__FLT_MAX_EXP__=128 '-D__FLT_MAX__=3.40282347e+38F' '-D__FLT_MIN_10_EXP__=(-37)' '-D__FLT_MIN_EXP__=(-125)' -D__FLT_MIN__=1.17549435e-38F -D__FLT_RADIX__=2 -D__FXSR__=1 -D__GCC_ASM_FLAG_OUTPUTS__=1 -D__GCC_ATOMIC_BOOL_LOCK_FREE=2 -D__GCC_ATOMIC_CHAR16_T_LOCK_FREE=2 -D__GCC_ATOMIC_CHAR32_T_LOCK_FREE=2 -D__GCC_ATOMIC_CHAR_LOCK_FREE=2 -D__GCC_ATOMIC_INT_LOCK_FREE=2 -D__GCC_ATOMIC_LLONG_LOCK_FREE=2 -D__GCC_ATOMIC_LONG_LOCK_FREE=2 -D__GCC_ATOMIC_POINTER_LOCK_FREE=2 -D__GCC_ATOMIC_SHORT_LOCK_FREE=2 -D__GCC_ATOMIC_TEST_AND_SET_TRUEVAL=1 -D__GCC_ATOMIC_WCHAR_T_LOCK_FREE=2 -D__GCC_HAVE_DWARF2_CFI_ASM=1 -D__GCC_HAVE_SYNC_COMPARE_AND_SWAP_1=1 -D__GCC_HAVE_SYNC_COMPARE_AND_SWAP_2=1 -D__GCC_HAVE_SYNC_COMPARE_AND_SWAP_4=1 -D__GCC_HAVE_SYNC_COMPARE_AND_SWAP_8=1 -D__GNUC_MINOR__=2 -D__GNUC_PATCHLEVEL__=1 -D__GNUC__=4 -D__GXX_ABI_VERSION=1002 -D__INT16_C_SUFFIX__= '-D__INT16_FMTd__="hd"' '-D__INT16_FMTi__="hi"' -D__INT16_MAX__=32767 -D__INT16_TYPE__=short -D__INT32_C_SUFFIX__= '-D__INT32_FMTd__="d"' '-D__INT32_FMTi__="i"' -D__INT32_MAX__=2147483647 -D__INT32_TYPE__=int -D__INT64_C_SUFFIX__=L '-D__INT64_FMTd__="ld"' '-D__INT64_FMTi__="li"' -D__INT64_MAX__=9223372036854775807L '-D__INT64_TYPE__=long int' -D__INT8_C_SUFFIX__= '-D__INT8_FMTd__="hhd"' '-D__INT8_FMTi__="hhi"' -D__INT8_MAX__=127 '-D__INT8_TYPE__=signed char' -D__INTMAX_C_SUFFIX__=L '-D__INTMAX_FMTd__="ld"' '-D__INTMAX_FMTi__="li"' -D__INTMAX_MAX__=9223372036854775807L '-D__INTMAX_TYPE__=long int' -D__INTMAX_WIDTH__=64 '-D__INTPTR_FMTd__="ld"' '-D__INTPTR_FMTi__="li"' -D__INTPTR_MAX__=9223372036854775807L '-D__INTPTR_TYPE__=long int' -D__INTPTR_WIDTH__=64 '-D__INT_FAST16_FMTd__="hd"' '-D__INT_FAST16_FMTi__="hi"' -D__INT_FAST16_MAX__=32767 -D__INT_FAST16_TYPE__=short -D__INT_FAST16_WIDTH__=16 '-D__INT_FAST32_FMTd__="d"' '-D__INT_FAST32_FMTi__="i"' -D__INT_FAST32_MAX__=2147483647 -D__INT_FAST32_TYPE__=int -D__INT_FAST32_WIDTH__=32 '-D__INT_FAST64_FMTd__="ld"' '-D__INT_FAST64_FMTi__="li"' -D__INT_FAST64_MAX__=9223372036854775807L '-D__INT_FAST64_TYPE__=long int' -D__INT_FAST64_WIDTH__=64 '-D__INT_FAST8_FMTd__="hhd"' '-D__INT_FAST8_FMTi__="hhi"' -D__INT_FAST8_MAX__=127 '-D__INT_FAST8_TYPE__=signed char' -D__INT_FAST8_WIDTH__=8 '-D__INT_LEAST16_FMTd__="hd"' '-D__INT_LEAST16_FMTi__="hi"' -D__INT_LEAST16_MAX__=32767 -D__INT_LEAST16_TYPE__=short -D__INT_LEAST16_WIDTH__=16 '-D__INT_LEAST32_FMTd__="d"' '-D__INT_LEAST32_FMTi__="i"' -D__INT_LEAST32_MAX__=2147483647 -D__INT_LEAST32_TYPE__=int -D__INT_LEAST32_WIDTH__=32 '-D__INT_LEAST64_FMTd__="ld"' '-D__INT_LEAST64_FMTi__="li"' -D__INT_LEAST64_MAX__=9223372036854775807L '-D__INT_LEAST64_TYPE__=long int' -D__INT_LEAST64_WIDTH__=64 '-D__INT_LEAST8_FMTd__="hhd"' '-D__INT_LEAST8_FMTi__="hhi"' -D__INT_LEAST8_MAX__=127 '-D__INT_LEAST8_TYPE__=signed char' -D__INT_LEAST8_WIDTH__=8 -D__INT_MAX__=2147483647 -D__INT_WIDTH__=32 -D__LDBL_DECIMAL_DIG__=21 -D__LDBL_DENORM_MIN__=3.64519953188247460253e-4951L -D__LDBL_DIG__=18 -D__LDBL_EPSILON__=1.08420217248550443401e-19L -D__LDBL_HAS_DENORM__=1 -D__LDBL_HAS_INFINITY__=1 -D__LDBL_HAS_QUIET_NAN__=1 -D__LDBL_MANT_DIG__=64 -D__LDBL_MAX_10_EXP__=4932 -D__LDBL_MAX_EXP__=16384 '-D__LDBL_MAX__=1.18973149535723176502e+4932L' '-D__LDBL_MIN_10_EXP__=(-4931)' '-D__LDBL_MIN_EXP__=(-16381)' -D__LDBL_MIN__=3.36210314311209350626e-4932L -D__LITTLE_ENDIAN__=1 -D__LLONG_WIDTH__=64 -D__LONG_LONG_MAX__=9223372036854775807LL -D__LONG_MAX__=9223372036854775807L -D__LONG_WIDTH__=64 -D__LP64__=1 -D__MMX__=1 -D__NO_INLINE__=1 -D__NO_MATH_INLINES=1 -D__OBJC_BOOL_IS_BOOL=0 -D__OPENCL_MEMORY_SCOPE_ALL_SVM_DEVICES=3 -D__OPENCL_MEMORY_SCOPE_DEVICE=2 -D__OPENCL_MEMORY_SCOPE_SUB_GROUP=4 -D__OPENCL_MEMORY_SCOPE_WORK_GROUP=1 -D__OPENCL_MEMORY_SCOPE_WORK_ITEM=0 -D__ORDER_BIG_ENDIAN__=4321 -D__ORDER_LITTLE_ENDIAN__=1234 -D__ORDER_PDP_ENDIAN__=3412 -D__PIC__=2 -D__PIE__=2 -D__POINTER_WIDTH__=64 -D__PRAGMA_REDEFINE_EXTNAME=1 '-D__PTRDIFF_FMTd__="ld"' '-D__PTRDIFF_FMTi__="li"' -D__PTRDIFF_MAX__=9223372036854775807L '-D__PTRDIFF_TYPE__=long int' -D__PTRDIFF_WIDTH__=64 -D__REGISTER_PREFIX__= -D__SCHAR_MAX__=127 -D__SEG_FS=1 -D__SEG_GS=1 -D__SHRT_MAX__=32767 -D__SHRT_WIDTH__=16 -D__SIG_ATOMIC_MAX__=2147483647 -D__SIG_ATOMIC_WIDTH__=32 -D__SIZEOF_DOUBLE__=8 -D__SIZEOF_FLOAT128__=16 -D__SIZEOF_FLOAT__=4 -D__SIZEOF_INT128__=16 -D__SIZEOF_INT__=4 -D__SIZEOF_LONG_DOUBLE__=16 -D__SIZEOF_LONG_LONG__=8 -D__SIZEOF_LONG__=8 -D__SIZEOF_POINTER__=8 -D__SIZEOF_PTRDIFF_T__=8 -D__SIZEOF_SHORT__=2 -D__SIZEOF_SIZE_T__=8 -D__SIZEOF_WCHAR_T__=4 -D__SIZEOF_WINT_T__=4 '-D__SIZE_FMTX__="lX"' '-D__SIZE_FMTo__="lo"' '-D__SIZE_FMTu__="lu"' '-D__SIZE_FMTx__="lx"' -D__SIZE_MAX__=18446744073709551615UL '-D__SIZE_TYPE__=long unsigned int' -D__SIZE_WIDTH__=64 -D__SSE2_MATH__=1 -D__SSE2__=1 -D__SSE_MATH__=1 -D__SSE__=1 -D__STDC_UTF_16__=1 -D__STDC_UTF_32__=1 -D__UINT16_C_SUFFIX__= '-D__UINT16_FMTX__="hX"' '-D__UINT16_FMTo__="ho"' '-D__UINT16_FMTu__="hu"' '-D__UINT16_FMTx__="hx"' -D__UINT16_MAX__=65535 '-D__UINT16_TYPE__=unsigned short' -D__UINT32_C_SUFFIX__=U '-D__UINT32_FMTX__="X"' '-D__UINT32_FMTo__="o"' '-D__UINT32_FMTu__="u"' '-D__UINT32_FMTx__="x"' -D__UINT32_MAX__=4294967295U '-D__UINT32_TYPE__=unsigned int' -D__UINT64_C_SUFFIX__=UL '-D__UINT64_FMTX__="lX"' '-D__UINT64_FMTo__="lo"' '-D__UINT64_FMTu__="lu"' '-D__UINT64_FMTx__="lx"' -D__UINT64_MAX__=18446744073709551615UL '-D__UINT64_TYPE__=long unsigned int' -D__UINT8_C_SUFFIX__= '-D__UINT8_FMTX__="hhX"' '-D__UINT8_FMTo__="hho"' '-D__UINT8_FMTu__="hhu"' '-D__UINT8_FMTx__="hhx"' -D__UINT8_MAX__=255 '-D__UINT8_TYPE__=unsigned char' -D__UINTMAX_C_SUFFIX__=UL '-D__UINTMAX_FMTX__="lX"' '-D__UINTMAX_FMTo__="lo"' '-D__UINTMAX_FMTu__="lu"' '-D__UINTMAX_FMTx__="lx"' -D__UINTMAX_MAX__=18446744073709551615UL '-D__UINTMAX_TYPE__=long unsigned int' -D__UINTMAX_WIDTH__=64 '-D__UINTPTR_FMTX__="lX"' '-D__UINTPTR_FMTo__="lo"' '-D__UINTPTR_FMTu__="lu"' '-D__UINTPTR_FMTx__="lx"' -D__UINTPTR_MAX__=18446744073709551615UL '-D__UINTPTR_TYPE__=long unsigned int' -D__UINTPTR_WIDTH__=64 '-D__UINT_FAST16_FMTX__="hX"' '-D__UINT_FAST16_FMTo__="ho"' '-D__UINT_FAST16_FMTu__="hu"' '-D__UINT_FAST16_FMTx__="hx"' -D__UINT_FAST16_MAX__=65535 '-D__UINT_FAST16_TYPE__=unsigned short' '-D__UINT_FAST32_FMTX__="X"' '-D__UINT_FAST32_FMTo__="o"' '-D__UINT_FAST32_FMTu__="u"' '-D__UINT_FAST32_FMTx__="x"' -D__UINT_FAST32_MAX__=4294967295U '-D__UINT_FAST32_TYPE__=unsigned int' '-D__UINT_FAST64_FMTX__="lX"' '-D__UINT_FAST64_FMTo__="lo"' '-D__UINT_FAST64_FMTu__="lu"' '-D__UINT_FAST64_FMTx__="lx"' -D__UINT_FAST64_MAX__=18446744073709551615UL '-D__UINT_FAST64_TYPE__=long unsigned int' '-D__UINT_FAST8_FMTX__="hhX"' '-D__UINT_FAST8_FMTo__="hho"' '-D__UINT_FAST8_FMTu__="hhu"' '-D__UINT_FAST8_FMTx__="hhx"' -D__UINT_FAST8_MAX__=255 '-D__UINT_FAST8_TYPE__=unsigned char' '-D__UINT_LEAST16_FMTX__="hX"' '-D__UINT_LEAST16_FMTo__="ho"' '-D__UINT_LEAST16_FMTu__="hu"' '-D__UINT_LEAST16_FMTx__="hx"' -D__UINT_LEAST16_MAX__=65535 '-D__UINT_LEAST16_TYPE__=unsigned short' '-D__UINT_LEAST32_FMTX__="X"' '-D__UINT_LEAST32_FMTo__="o"' '-D__UINT_LEAST32_FMTu__="u"' '-D__UINT_LEAST32_FMTx__="x"' -D__UINT_LEAST32_MAX__=4294967295U '-D__UINT_LEAST32_TYPE__=unsigned int' '-D__UINT_LEAST64_FMTX__="lX"' '-D__UINT_LEAST64_FMTo__="lo"' '-D__UINT_LEAST64_FMTu__="lu"' '-D__UINT_LEAST64_FMTx__="lx"' -D__UINT_LEAST64_MAX__=18446744073709551615UL '-D__UINT_LEAST64_TYPE__=long unsigned int' '-D__UINT_LEAST8_FMTX__="hhX"' '-D__UINT_LEAST8_FMTo__="hho"' '-D__UINT_LEAST8_FMTu__="hhu"' '-D__UINT_LEAST8_FMTx__="hhx"' -D__UINT_LEAST8_MAX__=255 '-D__UINT_LEAST8_TYPE__=unsigned char' -D__USER_LABEL_PREFIX__= '-D__VERSION__="Ubuntu Clang 14.0.6"' -D__WCHAR_MAX__=2147483647 -D__WCHAR_TYPE__=int -D__WCHAR_WIDTH__=32 -D__WINT_MAX__=4294967295U '-D__WINT_TYPE__=unsigned int' -D__WINT_UNSIGNED__=1 -D__WINT_WIDTH__=32 -D__amd64=1 -D__amd64__=1 -D__clang__=1 '-D__clang_literal_encoding__="UTF-8"' -D__clang_major__=14 -D__clang_minor__=0 -D__clang_patchlevel__=6 '-D__clang_version__="14.0.6 "' '-D__clang_wide_literal_encoding__="UTF-32"' -D__code_model_small__=1 -D__gnu_linux__=1 -D__k8=1 -D__k8__=1 -D__linux=1 -D__linux__=1 -D__llvm__=1 -D__pic__=2 -D__pie__=2 '-D__seg_fs=__attribute__((address_space(257)))' '-D__seg_gs=__attribute__((address_space(256)))' -D__tune_k8__=1 -D__unix=1 -D__unix__=1 -D__x86_64=1 -D__x86_64__=1 -Dlinux=1 -Dunix=1 '-D__private_extern__=extern __attribute__((visibility("hidden")))' -I/usr/lib/llvm-14/lib/clang/14.0.6/include -I/usr/local/include -I/usr/include/x86_64-linux-gnu -I/usr/include -- /home/shafi/harden/eval3_demo/stase3/out/eval2_linux/src/drivers/evt_notifier/evt_notifier.c
[E 16:39:08 668658] CODEQL_EXTRACTOR_CPP_TRAP_CACHING is not set
[E 16:39:08 668658] CODEQL_EXTRACTOR_CPP_OPTION_TRAP_CACHE_WRITE is not set
[E 16:39:08 668658] CODEQL_EXTRACTOR_CPP_OPTION_TRAP_CACHE_DIR is not set
[E 16:39:08 668658] Initialising TRAP cache at path: 49/6ce6/e6398e3ef8c112026eaa6c27aa24
[E 16:39:08 668658] Not using TRAP cache
[E 16:39:08 668658] TRAP cache miss
[E 16:39:08 668658] Starting compilation TRAP /home/shafi/harden/eval3_demo/stase3/out/eval2_linux/codeql_db/trap/cpp/compilations/62/52297023_0.trap.zst
[E 16:39:08 668658] Archiving /home/shafi/harden/eval3_demo/stase3/out/eval2_linux/codeql_db/src/home/shafi/harden/eval3_demo/stase3/out/eval2_linux/src/drivers/evt_notifier/evt_notifier.c
[E 16:39:08 668658] Archiving /home/shafi/harden/eval3_demo/stase3/out/eval2_linux/codeql_db/src/usr/include/linux/module.h
[E 16:39:08 668658] Already archived /home/shafi/harden/eval3_demo/stase3/out/eval2_linux/codeql_db/src/usr/include/linux/kernel.h
[E 16:39:08 668658] Archiving /home/shafi/harden/eval3_demo/stase3/out/eval2_linux/codeql_db/src/usr/include/linux/sysinfo.h
[E 16:39:08 668658] Already archived /home/shafi/harden/eval3_demo/stase3/out/eval2_linux/codeql_db/src/usr/include/linux/types.h
[E 16:39:08 668658] Archiving /home/shafi/harden/eval3_demo/stase3/out/eval2_linux/codeql_db/src/usr/include/x86_64-linux-gnu/asm/types.h
[E 16:39:08 668658] Archiving /home/shafi/harden/eval3_demo/stase3/out/eval2_linux/codeql_db/src/usr/include/asm-generic/types.h
[E 16:39:08 668658] Archiving /home/shafi/harden/eval3_demo/stase3/out/eval2_linux/codeql_db/src/usr/include/asm-generic/int-ll64.h
[E 16:39:08 668658] Archiving /home/shafi/harden/eval3_demo/stase3/out/eval2_linux/codeql_db/src/usr/include/x86_64-linux-gnu/asm/bitsperlong.h
[E 16:39:08 668658] Archiving /home/shafi/harden/eval3_demo/stase3/out/eval2_linux/codeql_db/src/usr/include/asm-generic/bitsperlong.h
[E 16:39:08 668658] Archiving /home/shafi/harden/eval3_demo/stase3/out/eval2_linux/codeql_db/src/usr/include/linux/posix_types.h
[E 16:39:08 668658] Archiving /home/shafi/harden/eval3_demo/stase3/out/eval2_linux/codeql_db/src/usr/include/linux/stddef.h
[E 16:39:08 668658] Archiving /home/shafi/harden/eval3_demo/stase3/out/eval2_linux/codeql_db/src/usr/include/x86_64-linux-gnu/asm/posix_types.h
[E 16:39:08 668658] Archiving /home/shafi/harden/eval3_demo/stase3/out/eval2_linux/codeql_db/src/usr/include/x86_64-linux-gnu/asm/posix_types_64.h
[E 16:39:08 668658] Archiving /home/shafi/harden/eval3_demo/stase3/out/eval2_linux/codeql_db/src/usr/include/asm-generic/posix_types.h
[E 16:39:08 668658] Archiving /home/shafi/harden/eval3_demo/stase3/out/eval2_linux/codeql_db/src/usr/include/linux/const.h
[E 16:39:08 668658] Warning[extractor-c++]: In construct_text_message: "/home/shafi/harden/eval3_demo/stase3/out/eval2_linux/src/drivers/evt_notifier/evt_notifier.c", line 17: error: cannot open source file "linux/init.h"
  #include <linux/init.h>
                         ^


[E 16:39:08 668658] Warning[extractor-c++]: In construct_text_message: "/home/shafi/harden/eval3_demo/stase3/out/eval2_linux/src/drivers/evt_notifier/evt_notifier.c", line 18: error: cannot open source file "linux/usb.h"
  #include <linux/usb.h>
                        ^


[E 16:39:08 668658] Warning[extractor-c++]: In construct_text_message: "/home/shafi/harden/eval3_demo/stase3/out/eval2_linux/src/drivers/evt_notifier/evt_notifier.c", line 19: error: cannot open source file "linux/notifier.h"
  #include <linux/notifier.h>
                             ^


[E 16:39:08 668658] Warning[extractor-c++]: In construct_text_message: "/home/shafi/harden/eval3_demo/stase3/out/eval2_linux/src/drivers/evt_notifier/evt_notifier.c", line 20: error: cannot open source file "linux/device.h"
  #include <linux/device.h>
                           ^


[E 16:39:08 668658] Archiving /home/shafi/harden/eval3_demo/stase3/out/eval2_linux/codeql_db/src/usr/include/linux/fs.h
[E 16:39:08 668658] Archiving /home/shafi/harden/eval3_demo/stase3/out/eval2_linux/codeql_db/src/usr/include/linux/limits.h
[E 16:39:08 668658] Archiving /home/shafi/harden/eval3_demo/stase3/out/eval2_linux/codeql_db/src/usr/include/linux/ioctl.h
[E 16:39:08 668658] Archiving /home/shafi/harden/eval3_demo/stase3/out/eval2_linux/codeql_db/src/usr/include/x86_64-linux-gnu/asm/ioctl.h
[E 16:39:08 668658] Archiving /home/shafi/harden/eval3_demo/stase3/out/eval2_linux/codeql_db/src/usr/include/asm-generic/ioctl.h
[E 16:39:08 668658] Archiving /home/shafi/harden/eval3_demo/stase3/out/eval2_linux/codeql_db/src/usr/include/linux/fscrypt.h
[E 16:39:08 668658] Archiving /home/shafi/harden/eval3_demo/stase3/out/eval2_linux/codeql_db/src/usr/include/linux/mount.h
[E 16:39:08 668658] Warning[extractor-c++]: In construct_text_message: "/home/shafi/harden/eval3_demo/stase3/out/eval2_linux/src/drivers/evt_notifier/evt_notifier.c", line 22: error: cannot open source file "linux/uaccess.h"
  #include <linux/uaccess.h>
                            ^


[E 16:39:08 668658] Warning[extractor-c++]: In construct_text_message: "/home/shafi/harden/eval3_demo/stase3/out/eval2_linux/src/drivers/evt_notifier/evt_notifier.c", line 23: error: cannot open source file "linux/cdev.h"
  #include <linux/cdev.h>
                         ^


[E 16:39:08 668658] Warning[extractor-c++]: In construct_text_message: "/home/shafi/harden/eval3_demo/stase3/out/eval2_linux/src/drivers/evt_notifier/evt_notifier.c", line 24: error: cannot open source file "linux/proc_fs.h"
  #include <linux/proc_fs.h>
                            ^


[E 16:39:08 668658] Warning[extractor-c++]: In construct_text_message: "/home/shafi/harden/eval3_demo/stase3/out/eval2_linux/src/drivers/evt_notifier/evt_notifier.c", line 25: error: cannot open source file "linux/slab.h"
  #include <linux/slab.h>
                         ^


[E 16:39:08 668658] Warning[extractor-c++]: In construct_text_message: "/home/shafi/harden/eval3_demo/stase3/out/eval2_linux/src/drivers/evt_notifier/evt_notifier.c", line 32: error: expected a type specifier
  MODULE_LICENSE("GPL");
                 ^


[E 16:39:08 668658] Warning[extractor-c++]: In construct_text_message: "/home/shafi/harden/eval3_demo/stase3/out/eval2_linux/src/drivers/evt_notifier/evt_notifier.c", line 33: error: expected a type specifier
  MODULE_AUTHOR("Sherlock Holmes");
                ^


[E 16:39:08 668658] Warning[extractor-c++]: In construct_text_message: "/home/shafi/harden/eval3_demo/stase3/out/eval2_linux/src/drivers/evt_notifier/evt_notifier.c", line 34: error: expected a type specifier
  MODULE_DESCRIPTION("ProcFS with User-defined Offset for Great Learning");
                     ^


[E 16:39:08 668658] Warning[extractor-c++]: In construct_text_message: "/home/shafi/harden/eval3_demo/stase3/out/eval2_linux/src/drivers/evt_notifier/evt_notifier.c", line 35: error: expected a type specifier
  MODULE_ALIAS("char-major-242");
               ^


[E 16:39:08 668658] Warning[extractor-c++]: In construct_text_message: "/home/shafi/harden/eval3_demo/stase3/out/eval2_linux/src/drivers/evt_notifier/evt_notifier.c", line 40: error: identifier "NULL" is undefined
  static struct class* dr_wClass = NULL;
                                   ^


[E 16:39:08 668658] Warning[extractor-c++]: In construct_text_message: "/home/shafi/harden/eval3_demo/stase3/out/eval2_linux/src/drivers/evt_notifier/evt_notifier.c", line 80: error: identifier "KERN_ERR" is undefined
          printk(KERN_ERR "%s: Invalid offset value: %d\n", DEVICE_NAME, offset);
                 ^


[E 16:39:08 668658] Warning[extractor-c++]: In construct_text_message: "/home/shafi/harden/eval3_demo/stase3/out/eval2_linux/src/drivers/evt_notifier/evt_notifier.c", line 80: error: expected a ")"
          printk(KERN_ERR "%s: Invalid offset value: %d\n", DEVICE_NAME, offset);
                          ^


[E 16:39:08 668658] Warning[extractor-c++]: In construct_text_message: "/home/shafi/harden/eval3_demo/stase3/out/eval2_linux/src/drivers/evt_notifier/evt_notifier.c", line 81: error: identifier "NOTIFY_OK" is undefined
          return NOTIFY_OK;
                 ^


[E 16:39:08 668658] Warning[extractor-c++]: In construct_text_message: "/home/shafi/harden/eval3_demo/stase3/out/eval2_linux/src/drivers/evt_notifier/evt_notifier.c", line 87: error: identifier "BUS_NOTIFY_ADD_DEVICE" is undefined
          case BUS_NOTIFY_ADD_DEVICE:
               ^


[E 16:39:08 668658] Warning[extractor-c++]: In construct_text_message: "/home/shafi/harden/eval3_demo/stase3/out/eval2_linux/src/drivers/evt_notifier/evt_notifier.c", line 88: error: identifier "KERN_INFO" is undefined
              printk(KERN_INFO "%s: Device added: %s\n", DEVICE_NAME, udev->kobj.name);
                     ^


[E 16:39:08 668658] Warning[extractor-c++]: In construct_text_message: "/home/shafi/harden/eval3_demo/stase3/out/eval2_linux/src/drivers/evt_notifier/evt_notifier.c", line 88: error: expected a ")"
              printk(KERN_INFO "%s: Device added: %s\n", DEVICE_NAME, udev->kobj.name);
                               ^


[E 16:39:08 668658] Warning[extractor-c++]: In construct_text_message: "/home/shafi/harden/eval3_demo/stase3/out/eval2_linux/src/drivers/evt_notifier/evt_notifier.c", line 90: error: identifier "GFP_KERNEL" is undefined
              buf = kmalloc(1024, GFP_KERNEL);
                                  ^


[E 16:39:08 668658] Warning[extractor-c++]: In construct_text_message: "/home/shafi/harden/eval3_demo/stase3/out/eval2_linux/src/drivers/evt_notifier/evt_notifier.c", line 93: error: pointer or reference to incomplete type "struct device" is not allowed
                  snprintf(buf, 1024, "Initializing device %s", udev->kobj.name);
                                                                ^


[E 16:39:08 668658] Warning[extractor-c++]: In construct_text_message: "/home/shafi/harden/eval3_demo/stase3/out/eval2_linux/src/drivers/evt_notifier/evt_notifier.c", line 94: error: expected a ")"
                  printk(KERN_INFO "%s\n", buf);
                                   ^


[E 16:39:08 668658] Warning[extractor-c++]: In construct_text_message: "/home/shafi/harden/eval3_demo/stase3/out/eval2_linux/src/drivers/evt_notifier/evt_notifier.c", line 101: error: identifier "KERN_ERR" is undefined
                  printk(KERN_ERR "%s: Memory allocation failed\n", DEVICE_NAME);
                         ^


[E 16:39:08 668658] Warning[extractor-c++]: In construct_text_message: "/home/shafi/harden/eval3_demo/stase3/out/eval2_linux/src/drivers/evt_notifier/evt_notifier.c", line 101: error: expected a ")"
                  printk(KERN_ERR "%s: Memory allocation failed\n", DEVICE_NAME);
                                  ^


[E 16:39:08 668658] Warning[extractor-c++]: In construct_text_message: "/home/shafi/harden/eval3_demo/stase3/out/eval2_linux/src/drivers/evt_notifier/evt_notifier.c", line 105: error: identifier "BUS_NOTIFY_DEL_DEVICE" is undefined
          case BUS_NOTIFY_DEL_DEVICE:
               ^


[E 16:39:08 668658] Warning[extractor-c++]: In construct_text_message: "/home/shafi/harden/eval3_demo/stase3/out/eval2_linux/src/drivers/evt_notifier/evt_notifier.c", line 106: error: expected a ")"
              printk(KERN_INFO "%s: Device removed: %s\n", DEVICE_NAME, udev->kobj.name);
                               ^


[E 16:39:08 668658] Warning[extractor-c++]: In construct_text_message: "/home/shafi/harden/eval3_demo/stase3/out/eval2_linux/src/drivers/evt_notifier/evt_notifier.c", line 110: error: identifier "BUS_NOTIFY_BIND_DRIVER" is undefined
          case BUS_NOTIFY_BIND_DRIVER:
               ^


[E 16:39:08 668658] Warning[extractor-c++]: In construct_text_message: "/home/shafi/harden/eval3_demo/stase3/out/eval2_linux/src/drivers/evt_notifier/evt_notifier.c", line 111: error: expected a ")"
              printk(KERN_INFO "%s: Driver bound to device: %s\n", DEVICE_NAME, udev->kobj.name);
                               ^


[E 16:39:08 668658] Warning[extractor-c++]: In construct_text_message: "/home/shafi/harden/eval3_demo/stase3/out/eval2_linux/src/drivers/evt_notifier/evt_notifier.c", line 115: error: identifier "BUS_NOTIFY_UNBIND_DRIVER" is undefined
          case BUS_NOTIFY_UNBIND_DRIVER:
               ^


[E 16:39:08 668658] Warning[extractor-c++]: In construct_text_message: "/home/shafi/harden/eval3_demo/stase3/out/eval2_linux/src/drivers/evt_notifier/evt_notifier.c", line 116: error: expected a ")"
              printk(KERN_INFO "%s: Driver unbound from device: %s\n", DEVICE_NAME, udev->kobj.name);
                               ^


[E 16:39:08 668658] Warning[extractor-c++]: In construct_text_message: "/home/shafi/harden/eval3_demo/stase3/out/eval2_linux/src/drivers/evt_notifier/evt_notifier.c", line 121: error: expected a ")"
              printk(KERN_INFO "%s: Unhandled action.\n", DEVICE_NAME);
                               ^


[E 16:39:08 668658] Warning[extractor-c++]: In construct_text_message: "/home/shafi/harden/eval3_demo/stase3/out/eval2_linux/src/drivers/evt_notifier/evt_notifier.c", line 129: error: identifier "KERN_INFO" is undefined
      printk(KERN_INFO "%s: Computation result: %lu\n", DEVICE_NAME, sum);
             ^


[E 16:39:08 668658] Warning[extractor-c++]: In construct_text_message: "/home/shafi/harden/eval3_demo/stase3/out/eval2_linux/src/drivers/evt_notifier/evt_notifier.c", line 129: error: expected a ")"
      printk(KERN_INFO "%s: Computation result: %lu\n", DEVICE_NAME, sum);
                       ^


[E 16:39:08 668658] Warning[extractor-c++]: In construct_text_message: "/home/shafi/harden/eval3_demo/stase3/out/eval2_linux/src/drivers/evt_notifier/evt_notifier.c", line 131: error: identifier "NOTIFY_OK" is undefined
      return NOTIFY_OK;
             ^


[E 16:39:08 668658] Warning[extractor-c++]: In construct_text_message: "/home/shafi/harden/eval3_demo/stase3/out/eval2_linux/src/drivers/evt_notifier/evt_notifier.c", line 135: error: incomplete type "struct notifier_block" is not allowed
  static struct notifier_block event_handler = {
                               ^


[E 16:39:08 668658] Warning[extractor-c++]: In construct_text_message: "/home/shafi/harden/eval3_demo/stase3/out/eval2_linux/src/drivers/evt_notifier/evt_notifier.c", line 152: error: identifier "ssize_t" is undefined
  static ssize_t dr_w_dev_read(struct file *filep, char __user *buffer, size_t len, loff_t *offset)
         ^


[E 16:39:08 668658] Warning[extractor-c++]: In construct_text_message: "/home/shafi/harden/eval3_demo/stase3/out/eval2_linux/src/drivers/evt_notifier/evt_notifier.c", line 152: error: expected a ")"
  static ssize_t dr_w_dev_read(struct file *filep, char __user *buffer, size_t len, loff_t *offset)
                                                               ^


[E 16:39:08 668658] Warning[extractor-c++]: In construct_text_message: "/home/shafi/harden/eval3_demo/stase3/out/eval2_linux/src/drivers/evt_notifier/evt_notifier.c", line 155: error: identifier "len" is undefined
      int bytes_to_read = min(len, (size_t)(message_size - *offset));
                              ^


[E 16:39:08 668658] Warning[extractor-c++]: In construct_text_message: "/home/shafi/harden/eval3_demo/stase3/out/eval2_linux/src/drivers/evt_notifier/evt_notifier.c", line 155: error: identifier "size_t" is undefined
      int bytes_to_read = min(len, (size_t)(message_size - *offset));
                                    ^


[E 16:39:08 668658] Warning[extractor-c++]: In construct_text_message: "/home/shafi/harden/eval3_demo/stase3/out/eval2_linux/src/drivers/evt_notifier/evt_notifier.c", line 155: error: operand of "*" must be a pointer but has type "int"
      int bytes_to_read = min(len, (size_t)(message_size - *offset));
                                                            ^


[E 16:39:08 668658] Warning[extractor-c++]: In construct_text_message: "/home/shafi/harden/eval3_demo/stase3/out/eval2_linux/src/drivers/evt_notifier/evt_notifier.c", line 158: error: identifier "KERN_INFO" is undefined
          printk(KERN_INFO "%s: End of message\n", DEVICE_NAME);
                 ^


[E 16:39:08 668658] Warning[extractor-c++]: In construct_text_message: "/home/shafi/harden/eval3_demo/stase3/out/eval2_linux/src/drivers/evt_notifier/evt_notifier.c", line 158: error: expected a ")"
          printk(KERN_INFO "%s: End of message\n", DEVICE_NAME);
                           ^


[E 16:39:08 668658] Warning[extractor-c++]: In construct_text_message: "/home/shafi/harden/eval3_demo/stase3/out/eval2_linux/src/drivers/evt_notifier/evt_notifier.c", line 162: error: identifier "buffer" is undefined
      ret = copy_to_user(buffer, message + *offset, bytes_to_read);
                         ^


[E 16:39:08 668658] Warning[extractor-c++]: In construct_text_message: "/home/shafi/harden/eval3_demo/stase3/out/eval2_linux/src/drivers/evt_notifier/evt_notifier.c", line 162: error: operand of "*" must be a pointer but has type "int"
      ret = copy_to_user(buffer, message + *offset, bytes_to_read);
                                            ^


[E 16:39:08 668658] Warning[extractor-c++]: In construct_text_message: "/home/shafi/harden/eval3_demo/stase3/out/eval2_linux/src/drivers/evt_notifier/evt_notifier.c", line 164: error: operand of "*" must be a pointer but has type "int"
          *offset += bytes_to_read;
           ^


[E 16:39:08 668658] Warning[extractor-c++]: In construct_text_message: "/home/shafi/harden/eval3_demo/stase3/out/eval2_linux/src/drivers/evt_notifier/evt_notifier.c", line 167: error: identifier "EFAULT" is undefined
          return -EFAULT;
                  ^


[E 16:39:08 668658] Warning[extractor-c++]: In construct_text_message: "/home/shafi/harden/eval3_demo/stase3/out/eval2_linux/src/drivers/evt_notifier/evt_notifier.c", line 184: error: identifier "ssize_t" is undefined
  static ssize_t dr_w_dev_write(struct file *filep, const char __user *buffer, size_t len, loff_t *f_pos)
         ^


[E 16:39:08 668658] Warning[extractor-c++]: In construct_text_message: "/home/shafi/harden/eval3_demo/stase3/out/eval2_linux/src/drivers/evt_notifier/evt_notifier.c", line 184: error: expected a ")"
  static ssize_t dr_w_dev_write(struct file *filep, const char __user *buffer, size_t len, loff_t *f_pos)
                                                                      ^


[E 16:39:08 668658] Warning[extractor-c++]: In construct_text_message: "/home/shafi/harden/eval3_demo/stase3/out/eval2_linux/src/drivers/evt_notifier/evt_notifier.c", line 190: error: identifier "len" is undefined
      if (len > BUFFER_SIZE - 1) {
          ^


[E 16:39:08 668658] Warning[extractor-c++]: In construct_text_message: "/home/shafi/harden/eval3_demo/stase3/out/eval2_linux/src/drivers/evt_notifier/evt_notifier.c", line 191: error: identifier "EINVAL" is undefined
          return -EINVAL;
                  ^


[E 16:39:08 668658] Warning[extractor-c++]: In construct_text_message: "/home/shafi/harden/eval3_demo/stase3/out/eval2_linux/src/drivers/evt_notifier/evt_notifier.c", line 194: error: identifier "buffer" is undefined
      if (copy_from_user(input, buffer, len)) {
                                ^


[E 16:39:08 668658] Warning[extractor-c++]: In construct_text_message: "/home/shafi/harden/eval3_demo/stase3/out/eval2_linux/src/drivers/evt_notifier/evt_notifier.c", line 194: error: identifier "len" is undefined
      if (copy_from_user(input, buffer, len)) {
                                        ^


[E 16:39:08 668658] Warning[extractor-c++]: In construct_text_message: "/home/shafi/harden/eval3_demo/stase3/out/eval2_linux/src/drivers/evt_notifier/evt_notifier.c", line 195: error: identifier "EFAULT" is undefined
          return -EFAULT;
                  ^


[E 16:39:08 668658] Warning[extractor-c++]: In construct_text_message: "/home/shafi/harden/eval3_demo/stase3/out/eval2_linux/src/drivers/evt_notifier/evt_notifier.c", line 198: error: identifier "len" is undefined
      input[len] = '\0';
            ^


[E 16:39:08 668658] Warning[extractor-c++]: In construct_text_message: "/home/shafi/harden/eval3_demo/stase3/out/eval2_linux/src/drivers/evt_notifier/evt_notifier.c", line 208: error: identifier "EINVAL" is undefined
          return -EINVAL;
                  ^


[E 16:39:08 668658] Warning[extractor-c++]: In construct_text_message: "/home/shafi/harden/eval3_demo/stase3/out/eval2_linux/src/drivers/evt_notifier/evt_notifier.c", line 212: error: identifier "loff_t" is undefined
      offset = (loff_t)value;
                ^


[E 16:39:08 668658] Warning[extractor-c++]: In construct_text_message: "/home/shafi/harden/eval3_demo/stase3/out/eval2_linux/src/drivers/evt_notifier/evt_notifier.c", line 212: error: expected a ";"
      offset = (loff_t)value;
                       ^


[E 16:39:08 668658] Warning[extractor-c++]: In construct_text_message: "/home/shafi/harden/eval3_demo/stase3/out/eval2_linux/src/drivers/evt_notifier/evt_notifier.c", line 227: error: identifier "umode_t" is undefined
  static char *my_devnode(const struct device *dev, umode_t *mode)
                                                    ^


[E 16:39:08 668658] Warning[extractor-c++]: In construct_text_message: "/home/shafi/harden/eval3_demo/stase3/out/eval2_linux/src/drivers/evt_notifier/evt_notifier.c", line 234: error: incomplete type "struct file_operations" is not allowed
  static struct file_operations fops_dr_w = {
                                ^


[E 16:39:08 668658] Warning[extractor-c++]: In construct_text_message: "/home/shafi/harden/eval3_demo/stase3/out/eval2_linux/src/drivers/evt_notifier/evt_notifier.c", line 235: error: identifier "THIS_MODULE" is undefined
      .owner = THIS_MODULE,
               ^


[E 16:39:08 668658] Warning[extractor-c++]: In construct_text_message: "/home/shafi/harden/eval3_demo/stase3/out/eval2_linux/src/drivers/evt_notifier/evt_notifier.c", line 251: error: expected a ";"
  static int __init evt_notifier_init(void)
                    ^


[E 16:39:08 668658] Warning[extractor-c++]: In construct_text_message: "/home/shafi/harden/eval3_demo/stase3/out/eval2_linux/src/drivers/evt_notifier/evt_notifier.c", line 274: error: expected a declaration
      }
      ^


[E 16:39:08 668658] Warning[extractor-c++]: In construct_text_message: "/home/shafi/harden/eval3_demo/stase3/out/eval2_linux/src/drivers/evt_notifier/evt_notifier.c", line 278: error: expected a declaration
      if (IS_ERR(dr_wClass)) {
      ^


[E 16:39:08 668658] Warning[extractor-c++]: In construct_text_message: "/home/shafi/harden/eval3_demo/stase3/out/eval2_linux/src/drivers/evt_notifier/evt_notifier.c", line 288: error: function call is not allowed in a constant expression
      dr_wDevice = device_create(dr_wClass, NULL, dev_no, NULL, DEVICE_NAME);
                   ^


[E 16:39:08 668658] Warning[extractor-c++]: In construct_text_message: "/home/shafi/harden/eval3_demo/stase3/out/eval2_linux/src/drivers/evt_notifier/evt_notifier.c", line 288: error: identifier "dev_no" is undefined
      dr_wDevice = device_create(dr_wClass, NULL, dev_no, NULL, DEVICE_NAME);
                                                  ^


[E 16:39:08 668658] Warning[extractor-c++]: In construct_text_message: "/home/shafi/harden/eval3_demo/stase3/out/eval2_linux/src/drivers/evt_notifier/evt_notifier.c", line 289: error: expected a declaration
      if (IS_ERR(dr_wDevice)) {
      ^


[E 16:39:08 668658] Warning[extractor-c++]: In construct_text_message: "/home/shafi/harden/eval3_demo/stase3/out/eval2_linux/src/drivers/evt_notifier/evt_notifier.c", line 298: error: expected a declaration
  }
  ^


[E 16:39:08 668658] Creating trap tarball /home/shafi/harden/eval3_demo/stase3/out/eval2_linux/codeql_db/trap/cpp/tarballs/home/shafi/harden/eval3_demo/stase3/out/eval2_linux/src/drivers/evt_notifier/evt_notifier.c.a624303a_0.trap.tar.zst
[E 16:39:08 668658] Emitting trap files for /home/shafi/harden/eval3_demo/stase3/out/eval2_linux/src/drivers/evt_notifier/evt_notifier.c
[E 16:39:08 668658] Opening existencedb in /home/shafi/harden/eval3_demo/stase3/out/eval2_linux/codeql_db/working/existencedb/db
[E 16:39:08 668658] Warning[extractor-c++]: In canonicalise_path: fs::canonical failed on /home/shafi/harden/eval3_demo/stase3/out/eval2_linux/src/drivers/evt_notifier/evt_notifier.c.o (No such file or directory)
[E 16:39:08 668658] Wrote 4 files to /home/shafi/harden/eval3_demo/stase3/out/eval2_linux/codeql_db/trap/cpp/tarballs/home/shafi/harden/eval3_demo/stase3/out/eval2_linux/src/drivers/evt_notifier/evt_notifier.c.a624303a_0.trap.tar.zst
[E 16:39:08 668658] Finished compilation TRAP /home/shafi/harden/eval3_demo/stase3/out/eval2_linux/codeql_db/trap/cpp/compilations/62/52297023_0.trap.zst
[E 16:39:08 668658] Marking C compilation as happened.
[E 16:39:08 668658] Setting tag c-compilation-happened
[E 16:39:08 668658] Warning[extractor-c++]: In main: Extractor exiting with code 1
