=================================================================
==716869==ERROR: AddressSanitizer: heap-use-after-free on address 0x503000000040 at pc 0x59d6bdeb5344 bp 0x7ffe08fbd750 sp 0x7ffe08fbd740
READ of size 8 at 0x503000000040 thread T0
    #0 0x59d6bdeb5343 in deliver_usb_event /home/shafi/harden/eval3_demo/stase3/usb_event_logger.c:118
    #1 0x59d6bdeb5535 in main /home/shafi/harden/eval3_demo/stase3/usb_event_logger.c:161
    #2 0x7c165862a1c9 in __libc_start_call_main ../sysdeps/nptl/libc_start_call_main.h:58
    #3 0x7c165862a28a in __libc_start_main_impl ../csu/libc-start.c:360
    #4 0x59d6bdeb51c4 in _start (/home/shafi/harden/eval3_demo/stase3/out/eval2_linux/path_a/usb_event_logger_line118/harness+0x11c4) (BuildId: b10ccff8553d1959e4c7d7663606e9de75d7ee36)

0x503000000040 is located 0 bytes inside of 24-byte region [0x503000000040,0x503000000058)
freed by thread T0 here:
    #0 0x7c16592fc4d8 in free ../../../../src/libsanitizer/asan/asan_malloc_linux.cpp:52
    #1 0x59d6bdeb551d in main /home/shafi/harden/eval3_demo/stase3/usb_event_logger.c:157
    #2 0x7c165862a1c9 in __libc_start_call_main ../sysdeps/nptl/libc_start_call_main.h:58
    #3 0x7c165862a28a in __libc_start_main_impl ../csu/libc-start.c:360
    #4 0x59d6bdeb51c4 in _start (/home/shafi/harden/eval3_demo/stase3/out/eval2_linux/path_a/usb_event_logger_line118/harness+0x11c4) (BuildId: b10ccff8553d1959e4c7d7663606e9de75d7ee36)

previously allocated by thread T0 here:
    #0 0x7c16592fd9c7 in malloc ../../../../src/libsanitizer/asan/asan_malloc_linux.cpp:69
    #1 0x59d6bdeb5392 in main /home/shafi/harden/eval3_demo/stase3/usb_event_logger.c:145
    #2 0x7c165862a1c9 in __libc_start_call_main ../sysdeps/nptl/libc_start_call_main.h:58
    #3 0x7c165862a28a in __libc_start_main_impl ../csu/libc-start.c:360
    #4 0x59d6bdeb51c4 in _start (/home/shafi/harden/eval3_demo/stase3/out/eval2_linux/path_a/usb_event_logger_line118/harness+0x11c4) (BuildId: b10ccff8553d1959e4c7d7663606e9de75d7ee36)

SUMMARY: AddressSanitizer: heap-use-after-free /home/shafi/harden/eval3_demo/stase3/usb_event_logger.c:118 in deliver_usb_event
Shadow bytes around the buggy address:
  0x502ffffffd80: 00 00 00 00 00 00 00 00 00 00 00 00 00 00 00 00
  0x502ffffffe00: 00 00 00 00 00 00 00 00 00 00 00 00 00 00 00 00
  0x502ffffffe80: 00 00 00 00 00 00 00 00 00 00 00 00 00 00 00 00
  0x502fffffff00: 00 00 00 00 00 00 00 00 00 00 00 00 00 00 00 00
  0x502fffffff80: 00 00 00 00 00 00 00 00 00 00 00 00 00 00 00 00
=>0x503000000000: fa fa 00 00 00 fa fa fa[fd]fd fd fa fa fa fa fa
  0x503000000080: fa fa fa fa fa fa fa fa fa fa fa fa fa fa fa fa
  0x503000000100: fa fa fa fa fa fa fa fa fa fa fa fa fa fa fa fa
  0x503000000180: fa fa fa fa fa fa fa fa fa fa fa fa fa fa fa fa
  0x503000000200: fa fa fa fa fa fa fa fa fa fa fa fa fa fa fa fa
  0x503000000280: fa fa fa fa fa fa fa fa fa fa fa fa fa fa fa fa
Shadow byte legend (one shadow byte represents 8 application bytes):
  Addressable:           00
  Partially addressable: 01 02 03 04 05 06 07 
  Heap left redzone:       fa
  Freed heap region:       fd
  Stack left redzone:      f1
  Stack mid redzone:       f2
  Stack right redzone:     f3
  Stack after return:      f5
  Stack use after scope:   f8
  Global redzone:          f9
  Global init order:       f6
  Poisoned by user:        f7
  Container overflow:      fc
  Array cookie:            ac
  Intra object redzone:    bb
  ASan internal:           fe
  Left alloca redzone:     ca
  Right alloca redzone:    cb
==716869==ABORTING
